#
# There is insufficient memory for the Java Runtime Environment to continue.
# Native memory allocation (malloc) failed to allocate 1480016 bytes for Chunk::new
# Possible reasons:
#   The system is out of physical RAM or swap space
#   The process is running with CompressedOops enabled, and the Java Heap may be blocking the growth of the native heap
# Possible solutions:
#   Reduce memory load on the system
#   Increase physical memory or swap space
#   Check if swap backing store is full
#   Decrease Java heap size (-Xmx/-Xms)
#   Decrease number of Java threads
#   Decrease Java thread stack sizes (-Xss)
#   Set larger code cache with -XX:ReservedCodeCacheSize=
#   JVM is running with Unscaled Compressed Oops mode in which the Java heap is
#     placed in the first 4GB address space. The Java Heap base address is the
#     maximum limit for the native heap growth. Please use -XX:HeapBaseMinAddress
#     to set the Java Heap base and to place the Java Heap above 4GB virtual address.
# This output file may be truncated or incomplete.
#
#  Out of Memory Error (allocation.cpp:389), pid=4488, tid=0x0000000000001d4c
#
# JRE version: OpenJDK Runtime Environment (8.0_242-b01) (build 1.8.0_242-release-1644-b01)
# Java VM: OpenJDK 64-Bit Server VM (25.242-b01 mixed mode windows-amd64 compressed oops)
# Failed to write core dump. Minidumps are not enabled by default on client versions of Windows
#

---------------  T H R E A D  ---------------

Current thread (0x000000001788b000):  JavaThread "C2 CompilerThread1" daemon [_thread_in_native, id=7500, stack(0x0000000018fe0000,0x00000000190e0000)]

Stack: [0x0000000018fe0000,0x00000000190e0000]
[error occurred during error reporting (printing stack bounds), id 0xc0000005]

Native frames: (J=compiled Java code, j=interpreted, Vv=VM code, C=native code)


Current CompileTask:
C2: 114664 18940       4       com.android.tools.r8.graph.g0::collectIndexedItems (82 bytes)


---------------  P R O C E S S  ---------------

Java Threads: ( => current thread )
  0x00000000208d1800 JavaThread "ForkJoinPool-4-worker-0" daemon [_thread_blocked, id=7820, stack(0x0000000032060000,0x0000000032160000)]
  0x00000000208d5000 JavaThread "ForkJoinPool-4-worker-3" daemon [_thread_blocked, id=7992, stack(0x0000000031f60000,0x0000000032060000)]
  0x00000000208d0000 JavaThread "ForkJoinPool-4-worker-2" daemon [_thread_blocked, id=7832, stack(0x0000000031e60000,0x0000000031f60000)]
  0x00000000208d3800 JavaThread "ForkJoinPool-4-worker-1" daemon [_thread_in_native, id=3968, stack(0x0000000030f50000,0x0000000031050000)]
  0x00000000208cf000 JavaThread "RMI TCP Connection(1)-127.0.0.1" daemon [_thread_in_native, id=5744, stack(0x0000000031350000,0x0000000031450000)]
  0x00000000208c7800 JavaThread "RMI Reaper" [_thread_blocked, id=4272, stack(0x0000000031250000,0x0000000031350000)]
  0x00000000208cd800 JavaThread "RMI TCP Accept-0" daemon [_thread_in_native, id=3432, stack(0x0000000031150000,0x0000000031250000)]
  0x00000000208ce800 JavaThread "GC Daemon" daemon [_thread_blocked, id=5348, stack(0x0000000031050000,0x0000000031150000)]
  0x00000000208ca800 JavaThread "RMI Scheduler(0)" daemon [_thread_blocked, id=6140, stack(0x000000002fef0000,0x000000002fff0000)]
  0x00000000208ca000 JavaThread "stdout" [_thread_in_native, id=5912, stack(0x0000000030a50000,0x0000000030b50000)]
  0x00000000208c9000 JavaThread "stderr" [_thread_in_native, id=7768, stack(0x0000000030950000,0x0000000030a50000)]
  0x00000000208cc000 JavaThread "stdout" [_thread_in_native, id=8904, stack(0x0000000030850000,0x0000000030950000)]
  0x00000000208cb800 JavaThread "stderr" [_thread_in_native, id=7592, stack(0x0000000030750000,0x0000000030850000)]
  0x00000000243b7000 JavaThread "stdout" [_thread_in_native, id=4860, stack(0x0000000030650000,0x0000000030750000)]
  0x00000000243b6000 JavaThread "stderr" [_thread_in_native, id=7392, stack(0x0000000030550000,0x0000000030650000)]
  0x00000000243bd000 JavaThread "stdout" [_thread_in_native, id=7400, stack(0x0000000030450000,0x0000000030550000)]
  0x00000000243bb000 JavaThread "stderr" [_thread_in_native, id=7020, stack(0x0000000030350000,0x0000000030450000)]
  0x00000000243bb800 JavaThread "pool-4-thread-1" [_thread_blocked, id=7908, stack(0x0000000030250000,0x0000000030350000)]
  0x00000000243b5800 JavaThread "WorkerExecutor Queue Thread 4" [_thread_blocked, id=1752, stack(0x000000002fcb0000,0x000000002fdb0000)]
  0x00000000243bc800 JavaThread "WorkerExecutor Queue Thread 3" [_thread_in_vm, id=8760, stack(0x000000002fdf0000,0x000000002fef0000)]
  0x00000000243b2800 JavaThread "WorkerExecutor Queue Thread 2" [_thread_blocked, id=7028, stack(0x000000002f9b0000,0x000000002fab0000)]
  0x00000000243b9800 JavaThread "WorkerExecutor Queue" [_thread_in_native, id=7100, stack(0x000000002f7b0000,0x000000002f8b0000)]
  0x00000000243b7800 JavaThread "Cache worker for execution history cache (C:\Users\hoax-red\Desktop\Food HOAX FYP\.gradle\6.5\executionHistory)" [_thread_blocked, id=1476, stack(0x000000002f6b0000,0x000000002f7b0000)]
  0x00000000243b1800 JavaThread "Execution worker for ':' Thread 3" [_thread_blocked, id=1480, stack(0x000000002f020000,0x000000002f120000)]
  0x00000000243b4000 JavaThread "Execution worker for ':' Thread 2" [_thread_blocked, id=6304, stack(0x0000000028c00000,0x0000000028d00000)]
  0x00000000243b8800 JavaThread "Execution worker for ':'" [_thread_blocked, id=5952, stack(0x0000000028b00000,0x0000000028c00000)]
  0x00000000243ae800 JavaThread "Cache worker for file content cache (C:\Users\hoax-red\Desktop\Food HOAX FYP\.gradle\6.5\fileContent)" [_thread_blocked, id=8040, stack(0x000000002f5b0000,0x000000002f6b0000)]
  0x00000000243b0000 JavaThread "Cache worker for Build Output Cleanup Cache (C:\Users\hoax-red\Desktop\Food HOAX FYP\.gradle\buildOutputCleanup)" [_thread_blocked, id=7784, stack(0x000000002ef20000,0x000000002f020000)]
  0x00000000243af800 JavaThread "jar transforms Thread 230" [_thread_blocked, id=8012, stack(0x000000002e220000,0x000000002e320000)]
  0x00000000243ae000 JavaThread "jar transforms Thread 229" [_thread_blocked, id=2824, stack(0x000000002bc00000,0x000000002bd00000)]
  0x000000001bdec000 JavaThread "jar transforms Thread 228" [_thread_blocked, id=6668, stack(0x000000002bb00000,0x000000002bc00000)]
  0x000000001bdea800 JavaThread "jar transforms Thread 227" [_thread_blocked, id=1328, stack(0x000000002ba00000,0x000000002bb00000)]
  0x000000001bdef800 JavaThread "jar transforms Thread 226" [_thread_blocked, id=7512, stack(0x000000002b900000,0x000000002ba00000)]
  0x000000001bdeb000 JavaThread "jar transforms Thread 225" [_thread_blocked, id=7692, stack(0x000000002b6b0000,0x000000002b7b0000)]
  0x000000001bded800 JavaThread "jar transforms Thread 224" [_thread_blocked, id=964, stack(0x000000002b5b0000,0x000000002b6b0000)]
  0x000000001bdec800 JavaThread "jar transforms Thread 223" [_thread_blocked, id=8840, stack(0x000000002b4b0000,0x000000002b5b0000)]
  0x000000001bdef000 JavaThread "jar transforms Thread 222" [_thread_blocked, id=7256, stack(0x000000002b3b0000,0x000000002b4b0000)]
  0x000000001bdee000 JavaThread "jar transforms Thread 221" [_thread_blocked, id=8964, stack(0x000000002b2b0000,0x000000002b3b0000)]
  0x000000001bde3000 JavaThread "jar transforms Thread 220" [_thread_blocked, id=4112, stack(0x000000002b1b0000,0x000000002b2b0000)]
  0x000000001bde9800 JavaThread "jar transforms Thread 219" [_thread_blocked, id=3940, stack(0x000000002b0b0000,0x000000002b1b0000)]
  0x000000001bde2000 JavaThread "jar transforms Thread 218" [_thread_blocked, id=7840, stack(0x000000002afb0000,0x000000002b0b0000)]
  0x000000001bde9000 JavaThread "jar transforms Thread 217" [_thread_blocked, id=8140, stack(0x000000002aeb0000,0x000000002afb0000)]
  0x000000001bde1800 JavaThread "jar transforms Thread 216" [_thread_blocked, id=5956, stack(0x000000002adb0000,0x000000002aeb0000)]
  0x000000001bde8000 JavaThread "jar transforms Thread 215" [_thread_blocked, id=5124, stack(0x000000002acb0000,0x000000002adb0000)]
  0x000000001bde3800 JavaThread "jar transforms Thread 214" [_thread_blocked, id=7460, stack(0x000000002abb0000,0x000000002acb0000)]
  0x000000001bde0800 JavaThread "jar transforms Thread 213" [_thread_blocked, id=8548, stack(0x000000002aab0000,0x000000002abb0000)]
  0x000000001bde6000 JavaThread "jar transforms Thread 212" [_thread_blocked, id=7920, stack(0x000000002a9b0000,0x000000002aab0000)]
  0x000000001bde7800 JavaThread "jar transforms Thread 211" [_thread_blocked, id=2344, stack(0x000000002a8b0000,0x000000002a9b0000)]
  0x000000001bde6800 JavaThread "jar transforms Thread 210" [_thread_blocked, id=7724, stack(0x000000002a7b0000,0x000000002a8b0000)]
  0x000000001bde5000 JavaThread "jar transforms Thread 209" [_thread_blocked, id=8304, stack(0x000000002a6b0000,0x000000002a7b0000)]
  0x000000001bde4800 JavaThread "jar transforms Thread 208" [_thread_blocked, id=9104, stack(0x000000002a5b0000,0x000000002a6b0000)]
  0x000000001aa58000 JavaThread "jar transforms Thread 207" [_thread_blocked, id=8336, stack(0x000000002a4b0000,0x000000002a5b0000)]
  0x000000001aa5a000 JavaThread "jar transforms Thread 206" [_thread_blocked, id=8908, stack(0x000000002a3b0000,0x000000002a4b0000)]
  0x000000001aa57000 JavaThread "jar transforms Thread 205" [_thread_blocked, id=8816, stack(0x000000002a2b0000,0x000000002a3b0000)]
  0x000000001aa56800 JavaThread "jar transforms Thread 204" [_thread_blocked, id=3804, stack(0x000000002a1b0000,0x000000002a2b0000)]
  0x000000001aa53800 JavaThread "jar transforms Thread 203" [_thread_blocked, id=6892, stack(0x000000002a0b0000,0x000000002a1b0000)]
  0x000000001aa58800 JavaThread "jar transforms Thread 202" [_thread_blocked, id=4480, stack(0x0000000029fb0000,0x000000002a0b0000)]
  0x000000001aa55800 JavaThread "jar transforms Thread 201" [_thread_blocked, id=6768, stack(0x0000000029eb0000,0x0000000029fb0000)]
  0x000000001aa59800 JavaThread "jar transforms Thread 200" [_thread_blocked, id=7228, stack(0x0000000029db0000,0x0000000029eb0000)]
  0x000000001aa55000 JavaThread "jar transforms Thread 199" [_thread_blocked, id=5416, stack(0x0000000029cb0000,0x0000000029db0000)]
  0x000000001aa4d800 JavaThread "jar transforms Thread 198" [_thread_blocked, id=1952, stack(0x0000000029bb0000,0x0000000029cb0000)]
  0x000000001aa51000 JavaThread "jar transforms Thread 197" [_thread_blocked, id=3532, stack(0x0000000029ab0000,0x0000000029bb0000)]
  0x000000001aa50800 JavaThread "jar transforms Thread 196" [_thread_blocked, id=3984, stack(0x00000000299b0000,0x0000000029ab0000)]
  0x000000001aa54000 JavaThread "jar transforms Thread 195" [_thread_blocked, id=6932, stack(0x00000000298b0000,0x00000000299b0000)]
  0x000000001aa4e000 JavaThread "jar transforms Thread 194" [_thread_blocked, id=2412, stack(0x00000000297b0000,0x00000000298b0000)]
  0x000000001aa52800 JavaThread "jar transforms Thread 193" [_thread_blocked, id=7292, stack(0x00000000296b0000,0x00000000297b0000)]
  0x000000001aa4f800 JavaThread "jar transforms Thread 192" [_thread_blocked, id=7940, stack(0x00000000295b0000,0x00000000296b0000)]
  0x000000001aa4c000 JavaThread "jar transforms Thread 191" [_thread_blocked, id=3548, stack(0x00000000294b0000,0x00000000295b0000)]
  0x000000001aa52000 JavaThread "jar transforms Thread 190" [_thread_blocked, id=8404, stack(0x00000000293b0000,0x00000000294b0000)]
  0x000000001aa4f000 JavaThread "jar transforms Thread 189" [_thread_blocked, id=2640, stack(0x00000000292b0000,0x00000000293b0000)]
  0x000000001aa4b000 JavaThread "jar transforms Thread 188" [_thread_blocked, id=8300, stack(0x00000000291b0000,0x00000000292b0000)]
  0x000000001aa4c800 JavaThread "jar transforms Thread 187" [_thread_blocked, id=7272, stack(0x00000000290b0000,0x00000000291b0000)]
  0x000000001dee3000 JavaThread "jar transforms Thread 186" [_thread_blocked, id=8560, stack(0x0000000028fb0000,0x00000000290b0000)]
  0x000000001dee4000 JavaThread "jar transforms Thread 185" [_thread_blocked, id=1908, stack(0x0000000028eb0000,0x0000000028fb0000)]
  0x000000001deea000 JavaThread "jar transforms Thread 184" [_thread_blocked, id=1640, stack(0x0000000028db0000,0x0000000028eb0000)]
  0x000000001dee9800 JavaThread "jar transforms Thread 183" [_thread_blocked, id=4068, stack(0x0000000028a00000,0x0000000028b00000)]
  0x000000001dee4800 JavaThread "jar transforms Thread 182" [_thread_blocked, id=1172, stack(0x0000000028900000,0x0000000028a00000)]
  0x000000001dee8800 JavaThread "jar transforms Thread 181" [_thread_blocked, id=5316, stack(0x0000000028800000,0x0000000028900000)]
  0x000000001dee7800 JavaThread "jar transforms Thread 180" [_thread_blocked, id=4504, stack(0x0000000028700000,0x0000000028800000)]
  0x000000001dee2800 JavaThread "jar transforms Thread 179" [_thread_blocked, id=8312, stack(0x0000000028600000,0x0000000028700000)]
  0x000000001dee7000 JavaThread "jar transforms Thread 178" [_thread_blocked, id=8212, stack(0x0000000028500000,0x0000000028600000)]
  0x000000001dee6000 JavaThread "jar transforms Thread 177" [_thread_blocked, id=4012, stack(0x0000000028400000,0x0000000028500000)]
  0x000000001dee0000 JavaThread "jar transforms Thread 176" [_thread_blocked, id=6288, stack(0x0000000028300000,0x0000000028400000)]
  0x000000001dee5800 JavaThread "jar transforms Thread 175" [_thread_blocked, id=8364, stack(0x0000000028200000,0x0000000028300000)]
  0x000000001dee1000 JavaThread "jar transforms Thread 174" [_thread_blocked, id=8724, stack(0x0000000028100000,0x0000000028200000)]
  0x000000001dedb000 JavaThread "jar transforms Thread 173" [_thread_blocked, id=8268, stack(0x0000000028000000,0x0000000028100000)]
  0x000000001dedb800 JavaThread "jar transforms Thread 172" [_thread_blocked, id=8316, stack(0x0000000027f00000,0x0000000028000000)]
  0x000000001dedd000 JavaThread "jar transforms Thread 171" [_thread_blocked, id=2440, stack(0x0000000027e00000,0x0000000027f00000)]
  0x000000001dedf800 JavaThread "jar transforms Thread 170" [_thread_blocked, id=5152, stack(0x0000000027d00000,0x0000000027e00000)]
  0x000000001dee1800 JavaThread "jar transforms Thread 169" [_thread_blocked, id=8984, stack(0x0000000027c00000,0x0000000027d00000)]
  0x000000001dede800 JavaThread "jar transforms Thread 168" [_thread_blocked, id=5828, stack(0x0000000027b00000,0x0000000027c00000)]
  0x000000001dedc800 JavaThread "jar transforms Thread 167" [_thread_blocked, id=5164, stack(0x0000000027a00000,0x0000000027b00000)]
  0x000000001dede000 JavaThread "jar transforms Thread 166" [_thread_blocked, id=5732, stack(0x0000000027900000,0x0000000027a00000)]
  0x000000001b4a2000 JavaThread "jar transforms Thread 165" [_thread_blocked, id=1860, stack(0x0000000027800000,0x0000000027900000)]
  0x000000001f679000 JavaThread "jar transforms Thread 164" [_thread_blocked, id=5212, stack(0x0000000027700000,0x0000000027800000)]
  0x000000001f678800 JavaThread "jar transforms Thread 163" [_thread_blocked, id=8276, stack(0x0000000027600000,0x0000000027700000)]
  0x000000001f677800 JavaThread "jar transforms Thread 162" [_thread_blocked, id=7548, stack(0x0000000027500000,0x0000000027600000)]
  0x000000001b76f800 JavaThread "jar transforms Thread 161" [_thread_blocked, id=9188, stack(0x0000000027400000,0x0000000027500000)]
  0x000000001b771000 JavaThread "jar transforms Thread 160" [_thread_blocked, id=4880, stack(0x0000000027300000,0x0000000027400000)]
  0x000000001b773000 JavaThread "jar transforms Thread 159" [_thread_blocked, id=6132, stack(0x0000000027200000,0x0000000027300000)]
  0x000000001b774000 JavaThread "jar transforms Thread 158" [_thread_blocked, id=8852, stack(0x0000000027100000,0x0000000027200000)]
  0x000000001b772800 JavaThread "jar transforms Thread 157" [_thread_blocked, id=5344, stack(0x0000000027000000,0x0000000027100000)]
  0x000000001b776000 JavaThread "jar transforms Thread 156" [_thread_blocked, id=9052, stack(0x0000000026f00000,0x0000000027000000)]
  0x000000001b775800 JavaThread "jar transforms Thread 155" [_thread_blocked, id=8916, stack(0x0000000026e00000,0x0000000026f00000)]
  0x00000000203bf000 JavaThread "jar transforms Thread 154" [_thread_blocked, id=8804, stack(0x0000000026d00000,0x0000000026e00000)]
  0x00000000203ba800 JavaThread "jar transforms Thread 153" [_thread_blocked, id=2820, stack(0x0000000026c00000,0x0000000026d00000)]
  0x00000000203c1000 JavaThread "jar transforms Thread 152" [_thread_blocked, id=5184, stack(0x0000000026700000,0x0000000026800000)]
  0x00000000203be000 JavaThread "jar transforms Thread 151" [_thread_blocked, id=3124, stack(0x0000000026600000,0x0000000026700000)]
  0x00000000203bd800 JavaThread "jar transforms Thread 150" [_thread_blocked, id=7684, stack(0x0000000026300000,0x0000000026400000)]
  0x00000000203c0800 JavaThread "jar transforms Thread 149" [_thread_blocked, id=8144, stack(0x0000000025900000,0x0000000025a00000)]
  0x00000000203bf800 JavaThread "jar transforms Thread 148" [_thread_blocked, id=2012, stack(0x0000000025800000,0x0000000025900000)]
  0x00000000203bc800 JavaThread "jar transforms Thread 147" [_thread_blocked, id=3944, stack(0x0000000025700000,0x0000000025800000)]
  0x00000000203bc000 JavaThread "jar transforms Thread 146" [_thread_blocked, id=6916, stack(0x000000001fbd0000,0x000000001fcd0000)]
  0x000000001f677000 JavaThread "jar transforms Thread 145" [_thread_blocked, id=2556, stack(0x0000000025600000,0x0000000025700000)]
  0x000000001f66f800 JavaThread "jar transforms Thread 144" [_thread_blocked, id=8552, stack(0x0000000025500000,0x0000000025600000)]
  0x000000001f676000 JavaThread "jar transforms Thread 143" [_thread_blocked, id=8652, stack(0x0000000025400000,0x0000000025500000)]
  0x000000001f672800 JavaThread "jar transforms Thread 142" [_thread_blocked, id=1096, stack(0x0000000025300000,0x0000000025400000)]
  0x000000001f674000 JavaThread "jar transforms Thread 141" [_thread_blocked, id=6980, stack(0x0000000025200000,0x0000000025300000)]
  0x000000001f674800 JavaThread "jar transforms Thread 140" [_thread_blocked, id=7892, stack(0x0000000025100000,0x0000000025200000)]
  0x000000001f671800 JavaThread "jar transforms Thread 139" [_thread_blocked, id=8376, stack(0x0000000025000000,0x0000000025100000)]
  0x000000001f66a000 JavaThread "jar transforms Thread 138" [_thread_blocked, id=7544, stack(0x0000000024f00000,0x0000000025000000)]
  0x000000001f66d000 JavaThread "jar transforms Thread 137" [_thread_blocked, id=7296, stack(0x0000000024e00000,0x0000000024f00000)]
  0x000000001f66c800 JavaThread "jar transforms Thread 136" [_thread_blocked, id=6424, stack(0x0000000024d00000,0x0000000024e00000)]
  0x000000001f670000 JavaThread "jar transforms Thread 135" [_thread_blocked, id=9136, stack(0x0000000023b70000,0x0000000023c70000)]
  0x000000001b88e800 JavaThread "jar transforms Thread 134" [_thread_blocked, id=3272, stack(0x0000000023030000,0x0000000023130000)]
  0x000000001b88e000 JavaThread "jar transforms Thread 133" [_thread_blocked, id=2004, stack(0x0000000022730000,0x0000000022830000)]
  0x000000001b88d000 JavaThread "jar transforms Thread 132" [_thread_blocked, id=6848, stack(0x0000000022630000,0x0000000022730000)]
  0x000000001b885000 JavaThread "jar transforms Thread 131" [_thread_blocked, id=6104, stack(0x0000000022530000,0x0000000022630000)]
  0x000000001b88b800 JavaThread "jar transforms Thread 130" [_thread_blocked, id=6752, stack(0x0000000022130000,0x0000000022230000)]
  0x000000001b88b000 JavaThread "jar transforms Thread 129" [_thread_blocked, id=2488, stack(0x0000000022030000,0x0000000022130000)]
  0x000000001b889800 JavaThread "jar transforms Thread 128" [_thread_blocked, id=1720, stack(0x0000000021f30000,0x0000000022030000)]
  0x000000001b882000 JavaThread "jar transforms Thread 127" [_thread_blocked, id=9032, stack(0x0000000021e30000,0x0000000021f30000)]
  0x000000001b886800 JavaThread "jar transforms Thread 126" [_thread_blocked, id=4936, stack(0x0000000021d30000,0x0000000021e30000)]
  0x000000001b888800 JavaThread "jar transforms Thread 125" [_thread_blocked, id=8468, stack(0x0000000021c30000,0x0000000021d30000)]
  0x000000001b883800 JavaThread "jar transforms Thread 124" [_thread_blocked, id=8692, stack(0x0000000021b30000,0x0000000021c30000)]
  0x000000001b884000 JavaThread "jar transforms Thread 123" [_thread_blocked, id=3920, stack(0x0000000021a30000,0x0000000021b30000)]
  0x000000001b885800 JavaThread "jar transforms Thread 122" [_thread_blocked, id=5640, stack(0x0000000021930000,0x0000000021a30000)]
  0x000000001b880800 JavaThread "jar transforms Thread 121" [_thread_blocked, id=8768, stack(0x0000000021830000,0x0000000021930000)]
  0x000000001b882800 JavaThread "jar transforms Thread 120" [_thread_blocked, id=5960, stack(0x0000000021730000,0x0000000021830000)]
  0x000000001b887000 JavaThread "jar transforms Thread 119" [_thread_blocked, id=7128, stack(0x0000000021630000,0x0000000021730000)]
  0x000000001b4a6000 JavaThread "jar transforms Thread 118" [_thread_blocked, id=8784, stack(0x0000000021530000,0x0000000021630000)]
  0x000000001b4a4800 JavaThread "jar transforms Thread 117" [_thread_blocked, id=3656, stack(0x0000000021430000,0x0000000021530000)]
  0x000000001b4a8000 JavaThread "jar transforms Thread 116" [_thread_blocked, id=7816, stack(0x0000000021330000,0x0000000021430000)]
  0x000000001b4a5000 JavaThread "Build operations Thread 4" [_thread_blocked, id=9172, stack(0x0000000021230000,0x0000000021330000)]
  0x000000001b4a7800 JavaThread "Build operations Thread 3" [_thread_blocked, id=8088, stack(0x000000001fed0000,0x000000001ffd0000)]
  0x000000001b4a3000 JavaThread "Build operations Thread 2" [_thread_blocked, id=7444, stack(0x000000001fdd0000,0x000000001fed0000)]
  0x000000001b4a0000 JavaThread "Build operations" [_thread_blocked, id=8008, stack(0x000000001fcd0000,0x000000001fdd0000)]
  0x000000001b4a1800 JavaThread "Cache worker for cache directory md-rule (C:\Users\hoax-red\.gradle\caches\6.5\md-rule)" [_thread_blocked, id=2752, stack(0x000000001d900000,0x000000001da00000)]
  0x000000001b49c800 JavaThread "Cache worker for cache directory md-supplier (C:\Users\hoax-red\.gradle\caches\6.5\md-supplier)" [_thread_blocked, id=3520, stack(0x000000001d300000,0x000000001d400000)]
  0x000000001b4a3800 JavaThread "Cache worker for checksums cache (C:\Users\hoax-red\Desktop\Food HOAX FYP\.gradle\checksums)" [_thread_blocked, id=8204, stack(0x000000001d200000,0x000000001d300000)]
  0x000000001b49f000 JavaThread "Cache worker for file hash cache (C:\Users\hoax-red\Desktop\Food HOAX FYP\.gradle\6.5\fileHashes)" [_thread_blocked, id=360, stack(0x000000001d100000,0x000000001d200000)]
  0x000000001b49e800 JavaThread "Thread-153" [_thread_blocked, id=8444, stack(0x000000001cf00000,0x000000001d000000)]
  0x000000001b4a0800 JavaThread "Stdin handler" [_thread_blocked, id=4780, stack(0x000000001ce00000,0x000000001cf00000)]
  0x000000001b49c000 JavaThread "Asynchronous log dispatcher for DefaultDaemonConnection: socket connection from /127.0.0.1:52130 to /127.0.0.1:52157" [_thread_blocked, id=6244, stack(0x0000000001150000,0x0000000001250000)]
  0x000000001b49d800 JavaThread "Cancel handler" [_thread_blocked, id=8712, stack(0x0000000001050000,0x0000000001150000)]
  0x000000001b49b000 JavaThread "Handler for socket connection from /127.0.0.1:52130 to /127.0.0.1:52157" [_thread_in_native, id=4684, stack(0x0000000000f50000,0x0000000001050000)]
  0x000000001b88a000 JavaThread "Memory manager" [_thread_blocked, id=4352, stack(0x0000000026200000,0x0000000026300000)]
  0x000000001b4a9800 JavaThread "Cache worker for file content cache (C:\Users\hoax-red\.gradle\caches\6.5\fileContent)" [_thread_blocked, id=7160, stack(0x0000000022f30000,0x0000000023030000)]
  0x000000001b4a6800 JavaThread "Cache worker for execution history cache (C:\Users\hoax-red\.gradle\caches\6.5\executionHistory)" [_thread_blocked, id=3172, stack(0x0000000022a30000,0x0000000022b30000)]
  0x000000001b774800 JavaThread "Cache worker for file hash cache (C:\Users\hoax-red\.gradle\caches\6.5\fileHashes)" [_thread_blocked, id=1852, stack(0x000000001d800000,0x000000001d900000)]
  0x000000001b770000 JavaThread "File lock request listener" [_thread_in_native, id=2420, stack(0x000000001d700000,0x000000001d800000)]
  0x000000001b771800 JavaThread "Cache worker for journal cache (C:\Users\hoax-red\.gradle\caches\journal-1)" [_thread_blocked, id=6584, stack(0x000000001d600000,0x000000001d700000)]
  0x000000001b485800 JavaThread "Daemon worker" [_thread_blocked, id=8344, stack(0x000000001d000000,0x000000001d100000)]
  0x000000001afaa000 JavaThread "Daemon" [_thread_blocked, id=8628, stack(0x000000001cb00000,0x000000001cc00000)]
  0x000000001b3ab800 JavaThread "Daemon periodic checks" [_thread_blocked, id=7648, stack(0x000000001ca00000,0x000000001cb00000)]
  0x000000001b340800 JavaThread "Incoming local TCP Connector on port 52130" [_thread_in_native, id=2788, stack(0x000000001c7c0000,0x000000001c8c0000)]
  0x000000001958f800 JavaThread "Daemon health stats" [_thread_blocked, id=4340, stack(0x000000001c180000,0x000000001c280000)]
  0x0000000019208800 JavaThread "Service Thread" daemon [_thread_blocked, id=7480, stack(0x00000000195e0000,0x00000000196e0000)]
  0x0000000017892800 JavaThread "C1 CompilerThread2" daemon [_thread_blocked, id=7156, stack(0x00000000190e0000,0x00000000191e0000)]
=>0x000000001788b000 JavaThread "C2 CompilerThread1" daemon [_thread_in_native, id=7500, stack(0x0000000018fe0000,0x00000000190e0000)]
  0x0000000017886800 JavaThread "C2 CompilerThread0" daemon [_thread_in_native, id=8120, stack(0x0000000018ee0000,0x0000000018fe0000)]
  0x0000000017885800 JavaThread "Attach Listener" daemon [_thread_blocked, id=5140, stack(0x0000000018de0000,0x0000000018ee0000)]
  0x0000000017883000 JavaThread "Signal Dispatcher" daemon [_thread_blocked, id=8352, stack(0x0000000018ce0000,0x0000000018de0000)]
  0x0000000002c5c000 JavaThread "Finalizer" daemon [_thread_blocked, id=6404, stack(0x0000000018ae0000,0x0000000018be0000)]
  0x0000000017869000 JavaThread "Reference Handler" daemon [_thread_blocked, id=4172, stack(0x00000000189e0000,0x0000000018ae0000)]
  0x0000000002b3d800 JavaThread "main" [_thread_blocked, id=3848, stack(0x0000000002a30000,0x0000000002b30000)]

Other Threads:
  0x0000000017846000 VMThread [stack: 0x00000000188e0000,0x00000000189e0000] [id=8532]
  0x00000000178dd800 WatcherThread [stack: 0x00000000196e0000,0x00000000197e0000] [id=2460]

VM state:not at safepoint (normal execution)

VM Mutex/Monitor currently owned by a thread: None

heap address: 0x0000000080000000, size: 2048 MB, Compressed Oops mode: 32-bit
Narrow klass base: 0x0000000000000000, Narrow klass shift: 3
Compressed class space size: 1073741824 Address: 0x0000000100000000

Heap:
 PSYoungGen      total 379904K, used 33934K [0x00000000d5580000, 0x00000000fa500000, 0x0000000100000000)
  eden space 297984K, 11% used [0x00000000d5580000,0x00000000d76a3960,0x00000000e7880000)
  from space 81920K, 0% used [0x00000000e7880000,0x00000000e7880000,0x00000000ec880000)
  to   space 123904K, 0% used [0x00000000f2c00000,0x00000000f2c00000,0x00000000fa500000)
 ParOldGen       total 509952K, used 265514K [0x0000000080000000, 0x000000009f200000, 0x00000000d5580000)
  object space 509952K, 52% used [0x0000000080000000,0x000000009034a948,0x000000009f200000)
 Metaspace       used 128160K, capacity 134060K, committed 134420K, reserved 1165312K
  class space    used 16680K, capacity 17887K, committed 17980K, reserved 1048576K

Card table byte_map: [0x0000000012020000,0x0000000012430000] byte_map_base: 0x0000000011c20000

Marking Bits: (ParMarkBitMap*) 0x00000000776af030
 Begin Bits: [0x0000000012ae0000, 0x0000000014ae0000)
 End Bits:   [0x0000000014ae0000, 0x0000000016ae0000)

Polling page: 0x0000000000d20000

CodeCache: size=245760Kb used=51962Kb max_used=52873Kb free=193797Kb
 bounds [0x0000000002c60000, 0x0000000006040000, 0x0000000011c60000]
 total_blobs=17028 nmethods=16073 adapters=866
 compilation: enabled

Compilation events (10 events):
Event: 114.617 Thread 0x0000000017892800 19530 %     3       com.android.tools.r8.t.a.a.a.h.N::a @ 78 (278 bytes)
Event: 114.618 Thread 0x0000000017892800 nmethod 19530% 0x0000000005266790 code [0x00000000052669e0, 0x0000000005267628]
Event: 114.629 Thread 0x0000000017892800 19531       3       com.android.tools.r8.t.a.a.a.h.N::a (278 bytes)
Event: 114.631 Thread 0x0000000017892800 nmethod 19531 0x0000000004303010 code [0x0000000004303240, 0x0000000004303d48]
Event: 114.634 Thread 0x0000000017892800 19532       2       com.android.tools.r8.graph.l0$r::equals (12 bytes)
Event: 114.634 Thread 0x0000000017892800 nmethod 19532 0x0000000005778990 code [0x0000000005778ae0, 0x0000000005778c90]
Event: 114.646 Thread 0x0000000017892800 19533 %     3       com.android.tools.r8.t.a.a.a.h.V0::containsKey @ 46 (74 bytes)
Event: 114.647 Thread 0x0000000017892800 nmethod 19533% 0x0000000002f20f50 code [0x0000000002f210e0, 0x0000000002f21588]
Event: 114.647 Thread 0x0000000017892800 19534       3       com.android.tools.r8.t.a.a.a.h.V0::containsKey (74 bytes)
Event: 114.647 Thread 0x0000000017892800 nmethod 19534 0x0000000005bc46d0 code [0x0000000005bc4860, 0x0000000005bc4c88]

GC Heap History (10 events):
Event: 87.620 GC heap before
{Heap before GC invocations=22 (full 4):
 PSYoungGen      total 304640K, used 266341K [0x00000000d5580000, 0x00000000edd80000, 0x0000000100000000)
  eden space 248320K, 100% used [0x00000000d5580000,0x00000000e4800000,0x00000000e4800000)
  from space 56320K, 31% used [0x00000000e4800000,0x00000000e5999558,0x00000000e7f00000)
  to   space 53760K, 0% used [0x00000000ea900000,0x00000000ea900000,0x00000000edd80000)
 ParOldGen       total 273920K, used 99380K [0x0000000080000000, 0x0000000090b80000, 0x00000000d5580000)
  object space 273920K, 36% used [0x0000000080000000,0x000000008610d110,0x0000000090b80000)
 Metaspace       used 102431K, capacity 107502K, committed 107668K, reserved 1142784K
  class space    used 13651K, capacity 14726K, committed 14780K, reserved 1048576K
Event: 87.647 GC heap after
Heap after GC invocations=22 (full 4):
 PSYoungGen      total 331264K, used 20644K [0x00000000d5580000, 0x00000000ed300000, 0x0000000100000000)
  eden space 288256K, 0% used [0x00000000d5580000,0x00000000d5580000,0x00000000e6f00000)
  from space 43008K, 48% used [0x00000000ea900000,0x00000000ebd291b0,0x00000000ed300000)
  to   space 51200K, 0% used [0x00000000e6f00000,0x00000000e6f00000,0x00000000ea100000)
 ParOldGen       total 273920K, used 99388K [0x0000000080000000, 0x0000000090b80000, 0x00000000d5580000)
  object space 273920K, 36% used [0x0000000080000000,0x000000008610f110,0x0000000090b80000)
 Metaspace       used 102431K, capacity 107502K, committed 107668K, reserved 1142784K
  class space    used 13651K, capacity 14726K, committed 14780K, reserved 1048576K
}
Event: 105.473 GC heap before
{Heap before GC invocations=23 (full 4):
 PSYoungGen      total 331264K, used 308900K [0x00000000d5580000, 0x00000000ed300000, 0x0000000100000000)
  eden space 288256K, 100% used [0x00000000d5580000,0x00000000e6f00000,0x00000000e6f00000)
  from space 43008K, 48% used [0x00000000ea900000,0x00000000ebd291b0,0x00000000ed300000)
  to   space 51200K, 0% used [0x00000000e6f00000,0x00000000e6f00000,0x00000000ea100000)
 ParOldGen       total 273920K, used 99388K [0x0000000080000000, 0x0000000090b80000, 0x00000000d5580000)
  object space 273920K, 36% used [0x0000000080000000,0x000000008610f110,0x0000000090b80000)
 Metaspace       used 108471K, capacity 113812K, committed 114068K, reserved 1148928K
  class space    used 14313K, capacity 15429K, committed 15548K, reserved 1048576K
Event: 105.520 GC heap after
Heap after GC invocations=23 (full 4):
 PSYoungGen      total 339456K, used 32349K [0x00000000d5580000, 0x00000000efb80000, 0x0000000100000000)
  eden space 288256K, 0% used [0x00000000d5580000,0x00000000d5580000,0x00000000e6f00000)
  from space 51200K, 63% used [0x00000000e6f00000,0x00000000e8e974a0,0x00000000ea100000)
  to   space 52224K, 0% used [0x00000000ec880000,0x00000000ec880000,0x00000000efb80000)
 ParOldGen       total 273920K, used 99396K [0x0000000080000000, 0x0000000090b80000, 0x00000000d5580000)
  object space 273920K, 36% used [0x0000000080000000,0x0000000086111110,0x0000000090b80000)
 Metaspace       used 108471K, capacity 113812K, committed 114068K, reserved 1148928K
  class space    used 14313K, capacity 15429K, committed 15548K, reserved 1048576K
}
Event: 108.475 GC heap before
{Heap before GC invocations=24 (full 4):
 PSYoungGen      total 339456K, used 320605K [0x00000000d5580000, 0x00000000efb80000, 0x0000000100000000)
  eden space 288256K, 100% used [0x00000000d5580000,0x00000000e6f00000,0x00000000e6f00000)
  from space 51200K, 63% used [0x00000000e6f00000,0x00000000e8e974a0,0x00000000ea100000)
  to   space 52224K, 0% used [0x00000000ec880000,0x00000000ec880000,0x00000000efb80000)
 ParOldGen       total 273920K, used 99396K [0x0000000080000000, 0x0000000090b80000, 0x00000000d5580000)
  object space 273920K, 36% used [0x0000000080000000,0x0000000086111110,0x0000000090b80000)
 Metaspace       used 117843K, capacity 123376K, committed 123668K, reserved 1157120K
  class space    used 15447K, capacity 16595K, committed 16700K, reserved 1048576K
Event: 108.664 GC heap after
Heap after GC invocations=24 (full 4):
 PSYoungGen      total 350208K, used 52207K [0x00000000d5580000, 0x00000000f4180000, 0x0000000100000000)
  eden space 297984K, 0% used [0x00000000d5580000,0x00000000d5580000,0x00000000e7880000)
  from space 52224K, 99% used [0x00000000ec880000,0x00000000efb7bf00,0x00000000efb80000)
  to   space 81920K, 0% used [0x00000000e7880000,0x00000000e7880000,0x00000000ec880000)
 ParOldGen       total 273920K, used 158499K [0x0000000080000000, 0x0000000090b80000, 0x00000000d5580000)
  object space 273920K, 57% used [0x0000000080000000,0x0000000089ac8ea0,0x0000000090b80000)
 Metaspace       used 117843K, capacity 123376K, committed 123668K, reserved 1157120K
  class space    used 15447K, capacity 16595K, committed 16700K, reserved 1048576K
}
Event: 112.104 GC heap before
{Heap before GC invocations=25 (full 4):
 PSYoungGen      total 350208K, used 350191K [0x00000000d5580000, 0x00000000f4180000, 0x0000000100000000)
  eden space 297984K, 100% used [0x00000000d5580000,0x00000000e7880000,0x00000000e7880000)
  from space 52224K, 99% used [0x00000000ec880000,0x00000000efb7bf00,0x00000000efb80000)
  to   space 81920K, 0% used [0x00000000e7880000,0x00000000e7880000,0x00000000ec880000)
 ParOldGen       total 273920K, used 158499K [0x0000000080000000, 0x0000000090b80000, 0x00000000d5580000)
  object space 273920K, 57% used [0x0000000080000000,0x0000000089ac8ea0,0x0000000090b80000)
 Metaspace       used 127035K, capacity 132922K, committed 133268K, reserved 1165312K
  class space    used 16555K, capacity 17748K, committed 17852K, reserved 1048576K
Event: 112.317 GC heap after
Heap after GC invocations=25 (full 4):
 PSYoungGen      total 379904K, used 81919K [0x00000000d5580000, 0x00000000fa500000, 0x0000000100000000)
  eden space 297984K, 0% used [0x00000000d5580000,0x00000000d5580000,0x00000000e7880000)
  from space 81920K, 99% used [0x00000000e7880000,0x00000000ec87fe88,0x00000000ec880000)
  to   space 123904K, 0% used [0x00000000f2c00000,0x00000000f2c00000,0x00000000fa500000)
 ParOldGen       total 273920K, used 236377K [0x0000000080000000, 0x0000000090b80000, 0x00000000d5580000)
  object space 273920K, 86% used [0x0000000080000000,0x000000008e6d6598,0x0000000090b80000)
 Metaspace       used 127035K, capacity 132922K, committed 133268K, reserved 1165312K
  class space    used 16555K, capacity 17748K, committed 17852K, reserved 1048576K
}
Event: 112.317 GC heap before
{Heap before GC invocations=26 (full 5):
 PSYoungGen      total 379904K, used 81919K [0x00000000d5580000, 0x00000000fa500000, 0x0000000100000000)
  eden space 297984K, 0% used [0x00000000d5580000,0x00000000d5580000,0x00000000e7880000)
  from space 81920K, 99% used [0x00000000e7880000,0x00000000ec87fe88,0x00000000ec880000)
  to   space 123904K, 0% used [0x00000000f2c00000,0x00000000f2c00000,0x00000000fa500000)
 ParOldGen       total 273920K, used 236377K [0x0000000080000000, 0x0000000090b80000, 0x00000000d5580000)
  object space 273920K, 86% used [0x0000000080000000,0x000000008e6d6598,0x0000000090b80000)
 Metaspace       used 127035K, capacity 132922K, committed 133268K, reserved 1165312K
  class space    used 16555K, capacity 17748K, committed 17852K, reserved 1048576K
Event: 113.865 GC heap after
Heap after GC invocations=26 (full 5):
 PSYoungGen      total 379904K, used 0K [0x00000000d5580000, 0x00000000fa500000, 0x0000000100000000)
  eden space 297984K, 0% used [0x00000000d5580000,0x00000000d5580000,0x00000000e7880000)
  from space 81920K, 0% used [0x00000000e7880000,0x00000000e7880000,0x00000000ec880000)
  to   space 123904K, 0% used [0x00000000f2c00000,0x00000000f2c00000,0x00000000fa500000)
 ParOldGen       total 509952K, used 265514K [0x0000000080000000, 0x000000009f200000, 0x00000000d5580000)
  object space 509952K, 52% used [0x0000000080000000,0x000000009034a948,0x000000009f200000)
 Metaspace       used 127017K, capacity 132868K, committed 133268K, reserved 1165312K
  class space    used 16549K, capacity 17737K, committed 17852K, reserved 1048576K
}

Deoptimization events (10 events):
Event: 114.234 Thread 0x00000000243bc800 Uncommon trap: reason=unstable_if action=reinterpret pc=0x0000000005b9c368 method=com.sun.tools.javac.jvm.ClassReader.classSigToType()Lcom/sun/tools/javac/code/Type; @ 148
Event: 114.250 Thread 0x00000000208d3800 Uncommon trap: reason=bimorphic action=maybe_recompile pc=0x0000000005f1da28 method=com.android.tools.r8.graph.X0.b(Ljava/util/function/Predicate;Ljava/util/function/Consumer;Lcom/android/tools/r8/graph/W;)V @ 12
Event: 114.250 Thread 0x00000000208d3800 Uncommon trap: reason=bimorphic action=maybe_recompile pc=0x0000000005f1da28 method=com.android.tools.r8.graph.X0.b(Ljava/util/function/Predicate;Ljava/util/function/Consumer;Lcom/android/tools/r8/graph/W;)V @ 12
Event: 114.250 Thread 0x00000000208d3800 Uncommon trap: reason=bimorphic action=maybe_recompile pc=0x0000000005f1da28 method=com.android.tools.r8.graph.X0.b(Ljava/util/function/Predicate;Ljava/util/function/Consumer;Lcom/android/tools/r8/graph/W;)V @ 12
Event: 114.254 Thread 0x00000000208d3800 Uncommon trap: reason=bimorphic action=maybe_recompile pc=0x0000000005f1da28 method=com.android.tools.r8.graph.X0.b(Ljava/util/function/Predicate;Ljava/util/function/Consumer;Lcom/android/tools/r8/graph/W;)V @ 12
Event: 114.261 Thread 0x00000000208d3800 Uncommon trap: reason=bimorphic action=maybe_recompile pc=0x0000000005f1fbf0 method=com.android.tools.r8.graph.X0.b(Ljava/util/function/Predicate;Ljava/util/function/Consumer;Lcom/android/tools/r8/graph/W;)V @ 12
Event: 114.330 Thread 0x00000000208d3800 Uncommon trap: reason=unstable_if action=reinterpret pc=0x0000000005cc020c method=com.android.tools.r8.t.a.a.a.f.X.a(ILjava/lang/Object;)Ljava/lang/Object; @ 95
Event: 114.530 Thread 0x00000000208d3800 Uncommon trap: reason=unstable_if action=reinterpret pc=0x0000000003c1471c method=com.android.tools.r8.t.a.a.a.h.V0.a(Ljava/lang/Object;I)I @ 229
Event: 114.592 Thread 0x00000000208d3800 Uncommon trap: reason=unstable_if action=reinterpret pc=0x0000000002d8270c method=java.util.Arrays.equals([Ljava/lang/Object;[Ljava/lang/Object;)Z @ 47
Event: 114.660 Thread 0x00000000208d3800 Uncommon trap: reason=null_check action=make_not_entrant pc=0x0000000005b984c0 method=com.android.tools.r8.graph.i0.computeEquals(Ljava/lang/Object;)Z @ 1

Classes redefined (0 events):
No events

Internal exceptions (10 events):
Event: 108.237 Thread 0x00000000243bc800 Exception <a 'java/security/PrivilegedActionException'> (0x00000000e4eeb120) thrown at [C:\src\AOSP-openjdk-git\hotspot\src\share\vm\prims\jvm.cpp, line 1502]
Event: 108.237 Thread 0x00000000243bc800 Exception <a 'java/security/PrivilegedActionException'> (0x00000000e4eeb700) thrown at [C:\src\AOSP-openjdk-git\hotspot\src\share\vm\prims\jvm.cpp, line 1502]
Event: 108.237 Thread 0x00000000243bc800 Exception <a 'java/security/PrivilegedActionException'> (0x00000000e4eed3c0) thrown at [C:\src\AOSP-openjdk-git\hotspot\src\share\vm\prims\jvm.cpp, line 1502]
Event: 108.237 Thread 0x00000000243bc800 Exception <a 'java/security/PrivilegedActionException'> (0x00000000e4eed9a0) thrown at [C:\src\AOSP-openjdk-git\hotspot\src\share\vm\prims\jvm.cpp, line 1502]
Event: 108.237 Thread 0x00000000243bc800 Exception <a 'java/security/PrivilegedActionException'> (0x00000000e4eef750) thrown at [C:\src\AOSP-openjdk-git\hotspot\src\share\vm\prims\jvm.cpp, line 1502]
Event: 108.237 Thread 0x00000000243bc800 Exception <a 'java/security/PrivilegedActionException'> (0x00000000e4eefd30) thrown at [C:\src\AOSP-openjdk-git\hotspot\src\share\vm\prims\jvm.cpp, line 1502]
Event: 109.166 Thread 0x00000000243b5800 Exception <a 'java/lang/IncompatibleClassChangeError': Found class java.lang.Object, but interface was expected> (0x00000000d94e5f30) thrown at [C:\src\AOSP-openjdk-git\hotspot\src\share\vm\interpreter\linkResolver.cpp, line 653]
Event: 111.633 Thread 0x00000000243bc800 Exception <a 'java/lang/NullPointerException'> (0x00000000e68255c8) thrown at [C:\src\AOSP-openjdk-git\hotspot\src\share\vm\interpreter\linkResolver.cpp, line 1287]
Event: 114.592 Thread 0x00000000208d3800 Implicit null exception at 0x0000000002d8264a to 0x0000000002d826ea
Event: 114.660 Thread 0x00000000208d3800 Implicit null exception at 0x0000000005b9834f to 0x0000000005b984b1

Events (10 events):
Event: 114.653 loading class android/databinding/tool/writer/KCodeKt done
Event: 114.654 loading class android/databinding/tool/writer/KCode
Event: 114.654 loading class android/databinding/tool/writer/KCode done
Event: 114.656 loading class android/databinding/tool/writer/KCode$Companion
Event: 114.656 loading class android/databinding/tool/writer/KCode$Companion done
Event: 114.656 loading class android/databinding/tool/writer/KCode$Appendix
Event: 114.656 loading class android/databinding/tool/writer/KCode$Appendix done
Event: 114.660 Thread 0x00000000208d3800 Uncommon trap: trap_request=0xfffffff4 fr.pc=0x0000000005b984c0
Event: 114.660 Thread 0x00000000208d3800 DEOPT PACKING pc=0x0000000005b984c0 sp=0x000000003104e6d0
Event: 114.660 Thread 0x00000000208d3800 DEOPT UNPACKING pc=0x0000000002ca557b sp=0x000000003104e668 mode 2


Dynamic libraries:
0x00007ff79aa40000 - 0x00007ff79aa71000 	C:\Program Files\Android\Android Studio\jre\bin\java.exe
0x00007ffee9210000 - 0x00007ffee9404000 	C:\Windows\SYSTEM32\ntdll.dll
0x00007ffee7560000 - 0x00007ffee761d000 	C:\Windows\System32\KERNEL32.DLL
0x00007ffee6960000 - 0x00007ffee6c27000 	C:\Windows\System32\KERNELBASE.dll
0x00007ffee8130000 - 0x00007ffee81da000 	C:\Windows\System32\ADVAPI32.dll
0x00007ffee8090000 - 0x00007ffee812e000 	C:\Windows\System32\msvcrt.dll
0x00007ffee88c0000 - 0x00007ffee895b000 	C:\Windows\System32\sechost.dll
0x00007ffee82d0000 - 0x00007ffee83f3000 	C:\Windows\System32\RPCRT4.dll
0x00007ffee86f0000 - 0x00007ffee8890000 	C:\Windows\System32\USER32.dll
0x00007ffee6cd0000 - 0x00007ffee6cf2000 	C:\Windows\System32\win32u.dll
0x00007ffee7bf0000 - 0x00007ffee7c1a000 	C:\Windows\System32\GDI32.dll
0x00007ffee70f0000 - 0x00007ffee71fa000 	C:\Windows\System32\gdi32full.dll
0x00007ffee6c30000 - 0x00007ffee6ccd000 	C:\Windows\System32\msvcp_win.dll
0x00007ffee6f70000 - 0x00007ffee7070000 	C:\Windows\System32\ucrtbase.dll
0x00007ffed2980000 - 0x00007ffed2c1a000 	C:\Windows\WinSxS\amd64_microsoft.windows.common-controls_6595b64144ccf1df_6.0.19041.1_none_b555e41d4684ddec\COMCTL32.dll
0x00007ffee8890000 - 0x00007ffee88c0000 	C:\Windows\System32\IMM32.DLL
0x0000000076d20000 - 0x0000000076df2000 	C:\Program Files\Android\Android Studio\jre\jre\bin\msvcr100.dll
0x0000000076ee0000 - 0x000000007772b000 	C:\Program Files\Android\Android Studio\jre\jre\bin\server\jvm.dll
0x00007ffee8400000 - 0x00007ffee8408000 	C:\Windows\System32\PSAPI.DLL
0x00007ffed4e90000 - 0x00007ffed4e9a000 	C:\Windows\SYSTEM32\VERSION.dll
0x00007ffed27a0000 - 0x00007ffed27c7000 	C:\Windows\SYSTEM32\WINMM.dll
0x00007ffecf3e0000 - 0x00007ffecf3e9000 	C:\Windows\SYSTEM32\WSOCK32.dll
0x00007ffee8600000 - 0x00007ffee866b000 	C:\Windows\System32\WS2_32.dll
0x00007ffee19c0000 - 0x00007ffee19cf000 	C:\Program Files\Android\Android Studio\jre\jre\bin\verify.dll
0x00007ffee17f0000 - 0x00007ffee1819000 	C:\Program Files\Android\Android Studio\jre\jre\bin\java.dll
0x00007ffee0da0000 - 0x00007ffee0db6000 	C:\Program Files\Android\Android Studio\jre\jre\bin\zip.dll
0x00007ffee8a10000 - 0x00007ffee9145000 	C:\Windows\System32\SHELL32.dll
0x00007ffee4af0000 - 0x00007ffee527f000 	C:\Windows\SYSTEM32\windows.storage.dll
0x00007ffee7620000 - 0x00007ffee7973000 	C:\Windows\System32\combase.dll
0x00007ffee6310000 - 0x00007ffee633b000 	C:\Windows\SYSTEM32\Wldp.dll
0x00007ffee8960000 - 0x00007ffee8a0e000 	C:\Windows\System32\SHCORE.dll
0x00007ffee73c0000 - 0x00007ffee7415000 	C:\Windows\System32\shlwapi.dll
0x00007ffee68a0000 - 0x00007ffee68bf000 	C:\Windows\SYSTEM32\profapi.dll
0x00007ffede850000 - 0x00007ffede86a000 	C:\Program Files\Android\Android Studio\jre\jre\bin\net.dll
0x00007ffee6090000 - 0x00007ffee60fa000 	C:\Windows\system32\mswsock.dll
0x00007ffedcbb0000 - 0x00007ffedcbc3000 	C:\Program Files\Android\Android Studio\jre\jre\bin\nio.dll
0x00007ffed6640000 - 0x00007ffed6667000 	C:\Users\hoax-red\.gradle\native\f6784746aeab05261644944871eae4fe03e0ef1612fff0a4a95f87b438bc6780\windows-amd64\native-platform.dll
0x00007ffee1840000 - 0x00007ffee184d000 	C:\Program Files\Android\Android Studio\jre\jre\bin\management.dll
0x00007ffee6270000 - 0x00007ffee6288000 	C:\Windows\SYSTEM32\CRYPTSP.dll
0x00007ffee5a20000 - 0x00007ffee5a54000 	C:\Windows\system32\rsaenh.dll
0x00007ffee70c0000 - 0x00007ffee70e7000 	C:\Windows\System32\bcrypt.dll
0x00007ffee6820000 - 0x00007ffee684e000 	C:\Windows\SYSTEM32\USERENV.dll
0x00007ffee7200000 - 0x00007ffee727f000 	C:\Windows\System32\bcryptprimitives.dll
0x00007ffee6260000 - 0x00007ffee626c000 	C:\Windows\SYSTEM32\CRYPTBASE.dll
0x00007ffee5d80000 - 0x00007ffee5dbb000 	C:\Windows\SYSTEM32\IPHLPAPI.DLL
0x00007ffee73b0000 - 0x00007ffee73b9000 	C:\Windows\System32\NSI.dll
0x00007ffedfcc0000 - 0x00007ffedfcd7000 	C:\Windows\SYSTEM32\dhcpcsvc6.DLL
0x00007ffedfca0000 - 0x00007ffedfcbd000 	C:\Windows\SYSTEM32\dhcpcsvc.DLL
0x00007ffee5dc0000 - 0x00007ffee5e8a000 	C:\Windows\SYSTEM32\DNSAPI.dll
0x00007ffedfd20000 - 0x00007ffedfd2b000 	C:\Windows\SYSTEM32\WINNSI.DLL
0x00007ffed6670000 - 0x00007ffed6694000 	C:\Program Files\Android\Android Studio\jre\jre\bin\sunec.dll
0x00007ffede7a0000 - 0x00007ffede7aa000 	C:\Windows\System32\rasadhlp.dll
0x00007ffede5a0000 - 0x00007ffede61f000 	C:\Windows\System32\fwpuclnt.dll
0x00007ffee56d0000 - 0x00007ffee5703000 	C:\Windows\SYSTEM32\ntmarta.dll
0x00007ffed03d0000 - 0x00007ffed03ee000 	C:\Users\hoax-red\AppData\Local\Temp\native-platform8186542941518309930dir\native-platform.dll

VM Arguments:
jvm_args: -Xmx2048m -Dfile.encoding=UTF-8 -Duser.country=US -Duser.language=en -Duser.variant 
java_command: org.gradle.launcher.daemon.bootstrap.GradleDaemon 6.5
java_class_path (initial): C:\Users\hoax-red\.gradle\wrapper\dists\gradle-6.5-bin\6nifqtx7604sqp1q6g8wikw7p\gradle-6.5\lib\gradle-launcher-6.5.jar
Launcher Type: SUN_STANDARD

Environment Variables:
PATH=C:\Program Files\Common Files\Oracle\Java\javapath;C:\Windows\system32;C:\Windows;C:\Windows\System32\Wbem;C:\Windows\System32\WindowsPowerShell\v1.0\;C:\Windows\System32\OpenSSH\;C:\Program Files\Process Lasso\;C:\Program Files\Git\cmd;C:\Users\hoax-red\AppData\Local\Microsoft\WindowsApps;D:\Program Files\JetBrains\IntelliJ IDEA Community Edition 2020.2.3\bin;;C:\Users\hoax-red\AppData\Local\Programs\Microsoft VS Code\bin;C:\scr\Flutter\flutter\bin;
USERNAME=hoax-red
OS=Windows_NT
PROCESSOR_IDENTIFIER=Intel64 Family 6 Model 78 Stepping 3, GenuineIntel



---------------  S Y S T E M  ---------------

OS: Windows 10.0 , 64 bit Build 19041 (10.0.19041.292)

CPU:total 4 (initial active 4) (2 cores per cpu, 2 threads per core) family 6 model 78 stepping 3, cmov, cx8, fxsr, mmx, sse, sse2, sse3, ssse3, sse4.1, sse4.2, popcnt, avx, avx2, aes, clmul, erms, rtm, 3dnowpref, lzcnt, ht, tsc, tscinvbit, bmi1, bmi2, adx

Memory: 4k page, physical 8204192k(827052k free), swap 8204192k(6348k free)

vm_info: OpenJDK 64-Bit Server VM (25.242-b01) for windows-amd64 JRE (1.8.0_242-release-1644-b01), built by "builder" with MS VC++ 10.0 (VS2010)

time: Mon May 24 08:08:19 2021
timezone: Pakistan Standard Time
elapsed time: 114 seconds (0d 0h 1m 54s)

