#
# There is insufficient memory for the Java Runtime Environment to continue.
# Native memory allocation (malloc) failed to allocate 186736 bytes for Chunk::new
# Possible reasons:
#   The system is out of physical RAM or swap space
#   The process is running with CompressedOops enabled, and the Java Heap may be blocking the growth of the native heap
# Possible solutions:
#   Reduce memory load on the system
#   Increase physical memory or swap space
#   Check if swap backing store is full
#   Decrease Java heap size (-Xmx/-Xms)
#   Decrease number of Java threads
#   Decrease Java thread stack sizes (-Xss)
#   Set larger code cache with -XX:ReservedCodeCacheSize=
#   JVM is running with Unscaled Compressed Oops mode in which the Java heap is
#     placed in the first 4GB address space. The Java Heap base address is the
#     maximum limit for the native heap growth. Please use -XX:HeapBaseMinAddress
#     to set the Java Heap base and to place the Java Heap above 4GB virtual address.
# This output file may be truncated or incomplete.
#
#  Out of Memory Error (allocation.cpp:389), pid=944, tid=0x0000000000000a3c
#
# JRE version: OpenJDK Runtime Environment (8.0_242-b01) (build 1.8.0_242-release-1644-b01)
# Java VM: OpenJDK 64-Bit Server VM (25.242-b01 mixed mode windows-amd64 compressed oops)
# Failed to write core dump. Minidumps are not enabled by default on client versions of Windows
#

---------------  T H R E A D  ---------------

Current thread (0x00000000175fb800):  JavaThread "C2 CompilerThread1" daemon [_thread_in_native, id=2620, stack(0x0000000018d40000,0x0000000018e40000)]

Stack: [0x0000000018d40000,0x0000000018e40000]
[error occurred during error reporting (printing stack bounds), id 0xc0000005]

Native frames: (J=compiled Java code, j=interpreted, Vv=VM code, C=native code)


Current CompileTask:
C2:  15218 9646       4       org.jetbrains.kotlin.resolve.calls.callUtil.CallUtilKt::getCall (207 bytes)


---------------  P R O C E S S  ---------------

Java Threads: ( => current thread )
  0x000000001764d800 JavaThread "Service Thread" daemon [_thread_blocked, id=4424, stack(0x0000000019340000,0x0000000019440000)]
  0x0000000018e50800 JavaThread "C1 CompilerThread2" daemon [_thread_in_native, id=3708, stack(0x0000000019240000,0x0000000019340000)]
=>0x00000000175fb800 JavaThread "C2 CompilerThread1" daemon [_thread_in_native, id=2620, stack(0x0000000018d40000,0x0000000018e40000)]
  0x00000000175f7000 JavaThread "C2 CompilerThread0" daemon [_thread_in_native, id=6204, stack(0x0000000018c40000,0x0000000018d40000)]
  0x00000000175f4000 JavaThread "Attach Listener" daemon [_thread_blocked, id=2364, stack(0x0000000018b40000,0x0000000018c40000)]
  0x00000000175f3000 JavaThread "Signal Dispatcher" daemon [_thread_blocked, id=5944, stack(0x0000000018a40000,0x0000000018b40000)]
  0x0000000002b65800 JavaThread "Finalizer" daemon [_thread_blocked, id=6544, stack(0x0000000018840000,0x0000000018940000)]
  0x0000000002b62000 JavaThread "Reference Handler" daemon [_thread_blocked, id=1376, stack(0x0000000018740000,0x0000000018840000)]
  0x0000000002a6e000 JavaThread "main" [_thread_in_Java, id=2820, stack(0x0000000002890000,0x0000000002990000)]

Other Threads:
  0x00000000175b6000 VMThread [stack: 0x0000000018640000,0x0000000018740000] [id=3872]
  0x0000000018e51000 WatcherThread [stack: 0x0000000019440000,0x0000000019540000] [id=5288]

VM state:not at safepoint (normal execution)

VM Mutex/Monitor currently owned by a thread:  ([mutex/lock_event])
[0x0000000002a6c3f0] CodeCache_lock - owner thread: 0x0000000018e50800
[0x0000000002a71350] Compile_lock - owner thread: 0x0000000018e50800
[0x0000000002a71550] MethodCompileQueue_lock - owner thread: 0x0000000000000000

heap address: 0x0000000082c00000, size: 2004 MB, Compressed Oops mode: 32-bit
Narrow klass base: 0x0000000000000000, Narrow klass shift: 3
Compressed class space size: 1073741824 Address: 0x0000000100000000

Heap:
 PSYoungGen      total 185344K, used 25351K [0x00000000d6400000, 0x00000000e7500000, 0x0000000100000000)
  eden space 159744K, 15% used [0x00000000d6400000,0x00000000d7cc1eb0,0x00000000e0000000)
  from space 25600K, 0% used [0x00000000e0000000,0x00000000e0000000,0x00000000e1900000)
  to   space 35840K, 0% used [0x00000000e5200000,0x00000000e5200000,0x00000000e7500000)
 ParOldGen       total 113152K, used 53781K [0x0000000082c00000, 0x0000000089a80000, 0x00000000d6400000)
  object space 113152K, 47% used [0x0000000082c00000,0x0000000086085768,0x0000000089a80000)
 Metaspace       used 62277K, capacity 63530K, committed 63768K, reserved 1105920K
  class space    used 7554K, capacity 7914K, committed 7984K, reserved 1048576K

Card table byte_map: [0x0000000011f30000,0x0000000012320000] byte_map_base: 0x0000000011b1a000

Marking Bits: (ParMarkBitMap*) 0x0000000061c3f030
 Begin Bits: [0x00000000129c0000, 0x0000000014910000)
 End Bits:   [0x0000000014910000, 0x0000000016860000)

Polling page: 0x0000000000d20000

CodeCache: size=245760Kb used=38257Kb max_used=38257Kb free=207502Kb
 bounds [0x0000000002b70000, 0x0000000005100000, 0x0000000011b70000]
 total_blobs=9311 nmethods=8783 adapters=440
 compilation: enabled

Compilation events (10 events):
Event: 15.213 Thread 0x0000000018e50800 nmethod 9834 0x0000000003bf7cd0 code [0x0000000003bf7e20, 0x0000000003bf7fd0]
Event: 15.213 Thread 0x0000000018e50800 9837       3       org.jetbrains.kotlin.codegen.optimization.boxing.TaintedBoxedValue::taint (5 bytes)
Event: 15.213 Thread 0x0000000018e50800 nmethod 9837 0x0000000003bf7990 code [0x0000000003bf7ae0, 0x0000000003bf7c30]
Event: 15.213 Thread 0x0000000018e50800 9830       3       org.jetbrains.kotlin.codegen.optimization.boxing.BoxingInterpreter::checkUsedValue (22 bytes)
Event: 15.214 Thread 0x0000000018e50800 nmethod 9830 0x0000000003bf6a10 code [0x0000000003bf6c00, 0x0000000003bf7568]
Event: 15.214 Thread 0x0000000018e50800 9835       3       org.jetbrains.kotlin.codegen.optimization.boxing.BoxingInterpreterKt::isWrapperClassName (8 bytes)
Event: 15.215 Thread 0x0000000018e50800 nmethod 9835 0x0000000003bf5790 code [0x0000000003bf59a0, 0x0000000003bf6458]
Event: 15.215 Thread 0x0000000018e50800 9836       3       org.jetbrains.kotlin.codegen.optimization.boxing.BoxingInterpreterKt::buildFqNameByInternal (21 bytes)
Event: 15.216 Thread 0x0000000018e50800 nmethod 9836 0x0000000004126090 code [0x00000000041262a0, 0x0000000004126d68]
Event: 15.216 Thread 0x0000000018e50800 9839       3       org.jetbrains.kotlin.codegen.optimization.boxing.BoxingInterpreterKt::isPrimitiveBoxing (90 bytes)

GC Heap History (10 events):
Event: 6.772 GC heap before
{Heap before GC invocations=6 (full 1):
 PSYoungGen      total 109568K, used 47174K [0x00000000d6400000, 0x00000000dee00000, 0x0000000100000000)
  eden space 104448K, 40% used [0x00000000d6400000,0x00000000d8d19198,0x00000000dca00000)
  from space 5120K, 99% used [0x00000000de900000,0x00000000dedf8918,0x00000000dee00000)
  to   space 5120K, 0% used [0x00000000de400000,0x00000000de400000,0x00000000de900000)
 ParOldGen       total 61440K, used 18747K [0x0000000082c00000, 0x0000000086800000, 0x00000000d6400000)
  object space 61440K, 30% used [0x0000000082c00000,0x0000000083e4ed30,0x0000000086800000)
 Metaspace       used 34807K, capacity 35282K, committed 35496K, reserved 1081344K
  class space    used 4365K, capacity 4516K, committed 4528K, reserved 1048576K
Event: 6.789 GC heap after
Heap after GC invocations=6 (full 1):
 PSYoungGen      total 136192K, used 5099K [0x00000000d6400000, 0x00000000e2a80000, 0x0000000100000000)
  eden space 131072K, 0% used [0x00000000d6400000,0x00000000d6400000,0x00000000de400000)
  from space 5120K, 99% used [0x00000000de400000,0x00000000de8fadd8,0x00000000de900000)
  to   space 17920K, 0% used [0x00000000e1900000,0x00000000e1900000,0x00000000e2a80000)
 ParOldGen       total 61440K, used 29438K [0x0000000082c00000, 0x0000000086800000, 0x00000000d6400000)
  object space 61440K, 47% used [0x0000000082c00000,0x00000000848bf990,0x0000000086800000)
 Metaspace       used 34807K, capacity 35282K, committed 35496K, reserved 1081344K
  class space    used 4365K, capacity 4516K, committed 4528K, reserved 1048576K
}
Event: 6.789 GC heap before
{Heap before GC invocations=7 (full 2):
 PSYoungGen      total 136192K, used 5099K [0x00000000d6400000, 0x00000000e2a80000, 0x0000000100000000)
  eden space 131072K, 0% used [0x00000000d6400000,0x00000000d6400000,0x00000000de400000)
  from space 5120K, 99% used [0x00000000de400000,0x00000000de8fadd8,0x00000000de900000)
  to   space 17920K, 0% used [0x00000000e1900000,0x00000000e1900000,0x00000000e2a80000)
 ParOldGen       total 61440K, used 29438K [0x0000000082c00000, 0x0000000086800000, 0x00000000d6400000)
  object space 61440K, 47% used [0x0000000082c00000,0x00000000848bf990,0x0000000086800000)
 Metaspace       used 34807K, capacity 35282K, committed 35496K, reserved 1081344K
  class space    used 4365K, capacity 4516K, committed 4528K, reserved 1048576K
Event: 6.893 GC heap after
Heap after GC invocations=7 (full 2):
 PSYoungGen      total 136192K, used 0K [0x00000000d6400000, 0x00000000e2a80000, 0x0000000100000000)
  eden space 131072K, 0% used [0x00000000d6400000,0x00000000d6400000,0x00000000de400000)
  from space 5120K, 0% used [0x00000000de400000,0x00000000de400000,0x00000000de900000)
  to   space 17920K, 0% used [0x00000000e1900000,0x00000000e1900000,0x00000000e2a80000)
 ParOldGen       total 113152K, used 24030K [0x0000000082c00000, 0x0000000089a80000, 0x00000000d6400000)
  object space 113152K, 21% used [0x0000000082c00000,0x0000000084377870,0x0000000089a80000)
 Metaspace       used 34807K, capacity 35282K, committed 35496K, reserved 1081344K
  class space    used 4365K, capacity 4516K, committed 4528K, reserved 1048576K
}
Event: 9.541 GC heap before
{Heap before GC invocations=8 (full 2):
 PSYoungGen      total 136192K, used 131072K [0x00000000d6400000, 0x00000000e2a80000, 0x0000000100000000)
  eden space 131072K, 100% used [0x00000000d6400000,0x00000000de400000,0x00000000de400000)
  from space 5120K, 0% used [0x00000000de400000,0x00000000de400000,0x00000000de900000)
  to   space 17920K, 0% used [0x00000000e1900000,0x00000000e1900000,0x00000000e2a80000)
 ParOldGen       total 113152K, used 24030K [0x0000000082c00000, 0x0000000089a80000, 0x00000000d6400000)
  object space 113152K, 21% used [0x0000000082c00000,0x0000000084377870,0x0000000089a80000)
 Metaspace       used 47334K, capacity 48152K, committed 48424K, reserved 1091584K
  class space    used 5882K, capacity 6143K, committed 6192K, reserved 1048576K
Event: 9.567 GC heap after
Heap after GC invocations=8 (full 2):
 PSYoungGen      total 177664K, used 17917K [0x00000000d6400000, 0x00000000e4000000, 0x0000000100000000)
  eden space 159744K, 0% used [0x00000000d6400000,0x00000000d6400000,0x00000000e0000000)
  from space 17920K, 99% used [0x00000000e1900000,0x00000000e2a7f658,0x00000000e2a80000)
  to   space 25600K, 0% used [0x00000000e0000000,0x00000000e0000000,0x00000000e1900000)
 ParOldGen       total 113152K, used 32986K [0x0000000082c00000, 0x0000000089a80000, 0x00000000d6400000)
  object space 113152K, 29% used [0x0000000082c00000,0x0000000084c36918,0x0000000089a80000)
 Metaspace       used 47334K, capacity 48152K, committed 48424K, reserved 1091584K
  class space    used 5882K, capacity 6143K, committed 6192K, reserved 1048576K
}
Event: 14.245 GC heap before
{Heap before GC invocations=9 (full 2):
 PSYoungGen      total 177664K, used 157201K [0x00000000d6400000, 0x00000000e4000000, 0x0000000100000000)
  eden space 159744K, 87% used [0x00000000d6400000,0x00000000dec04ec0,0x00000000e0000000)
  from space 17920K, 99% used [0x00000000e1900000,0x00000000e2a7f658,0x00000000e2a80000)
  to   space 25600K, 0% used [0x00000000e0000000,0x00000000e0000000,0x00000000e1900000)
 ParOldGen       total 113152K, used 32986K [0x0000000082c00000, 0x0000000089a80000, 0x00000000d6400000)
  object space 113152K, 29% used [0x0000000082c00000,0x0000000084c36918,0x0000000089a80000)
 Metaspace       used 57894K, capacity 59030K, committed 59160K, reserved 1101824K
  class space    used 7125K, capacity 7432K, committed 7472K, reserved 1048576K
Event: 14.286 GC heap after
Heap after GC invocations=9 (full 2):
 PSYoungGen      total 185344K, used 25568K [0x00000000d6400000, 0x00000000e7500000, 0x0000000100000000)
  eden space 159744K, 0% used [0x00000000d6400000,0x00000000d6400000,0x00000000e0000000)
  from space 25600K, 99% used [0x00000000e0000000,0x00000000e18f8200,0x00000000e1900000)
  to   space 35840K, 0% used [0x00000000e5200000,0x00000000e5200000,0x00000000e7500000)
 ParOldGen       total 113152K, used 44996K [0x0000000082c00000, 0x0000000089a80000, 0x00000000d6400000)
  object space 113152K, 39% used [0x0000000082c00000,0x00000000857f11d8,0x0000000089a80000)
 Metaspace       used 57894K, capacity 59030K, committed 59160K, reserved 1101824K
  class space    used 7125K, capacity 7432K, committed 7472K, reserved 1048576K
}
Event: 14.286 GC heap before
{Heap before GC invocations=10 (full 3):
 PSYoungGen      total 185344K, used 25568K [0x00000000d6400000, 0x00000000e7500000, 0x0000000100000000)
  eden space 159744K, 0% used [0x00000000d6400000,0x00000000d6400000,0x00000000e0000000)
  from space 25600K, 99% used [0x00000000e0000000,0x00000000e18f8200,0x00000000e1900000)
  to   space 35840K, 0% used [0x00000000e5200000,0x00000000e5200000,0x00000000e7500000)
 ParOldGen       total 113152K, used 44996K [0x0000000082c00000, 0x0000000089a80000, 0x00000000d6400000)
  object space 113152K, 39% used [0x0000000082c00000,0x00000000857f11d8,0x0000000089a80000)
 Metaspace       used 57894K, capacity 59030K, committed 59160K, reserved 1101824K
  class space    used 7125K, capacity 7432K, committed 7472K, reserved 1048576K
Event: 14.634 GC heap after
Heap after GC invocations=10 (full 3):
 PSYoungGen      total 185344K, used 0K [0x00000000d6400000, 0x00000000e7500000, 0x0000000100000000)
  eden space 159744K, 0% used [0x00000000d6400000,0x00000000d6400000,0x00000000e0000000)
  from space 25600K, 0% used [0x00000000e0000000,0x00000000e0000000,0x00000000e1900000)
  to   space 35840K, 0% used [0x00000000e5200000,0x00000000e5200000,0x00000000e7500000)
 ParOldGen       total 113152K, used 53781K [0x0000000082c00000, 0x0000000089a80000, 0x00000000d6400000)
  object space 113152K, 47% used [0x0000000082c00000,0x0000000086085768,0x0000000089a80000)
 Metaspace       used 57894K, capacity 59030K, committed 59160K, reserved 1101824K
  class space    used 7125K, capacity 7432K, committed 7472K, reserved 1048576K
}

Deoptimization events (10 events):
Event: 14.956 Thread 0x0000000002a6e000 Uncommon trap: reason=bimorphic action=maybe_recompile pc=0x0000000003740c70 method=org.jetbrains.kotlin.storage.LockBasedStorageManager$LockBasedLazyValue.invoke()Ljava/lang/Object; @ 24
Event: 14.959 Thread 0x0000000002a6e000 Uncommon trap: reason=bimorphic action=maybe_recompile pc=0x0000000004def488 method=org.jetbrains.kotlin.storage.LockBasedStorageManager$LockBasedLazyValue.invoke()Ljava/lang/Object; @ 24
Event: 15.046 Thread 0x0000000002a6e000 Uncommon trap: reason=bimorphic action=maybe_recompile pc=0x00000000033c4284 method=org.jetbrains.kotlin.storage.LockBasedStorageManager$MapBasedMemoizedFunction.invoke(Ljava/lang/Object;)Ljava/lang/Object; @ 160
Event: 15.053 Thread 0x0000000002a6e000 Uncommon trap: reason=bimorphic action=maybe_recompile pc=0x00000000041f17b0 method=gnu.trove.TObjectHash.contains(Ljava/lang/Object;)Z @ 2
Event: 15.083 Thread 0x0000000002a6e000 Uncommon trap: reason=unstable_if action=reinterpret pc=0x0000000002c8a3e4 method=jdk.internal.org.objectweb.asm.Item.isEqualTo(Ljdk/internal/org/objectweb/asm/Item;)Z @ 331
Event: 15.207 Thread 0x0000000002a6e000 Uncommon trap: reason=null_check action=make_not_entrant pc=0x0000000003d1b3b4 method=org.jetbrains.org.objectweb.asm.Type.equals(Ljava/lang/Object;)Z @ 8
Event: 15.208 Thread 0x0000000002a6e000 Uncommon trap: reason=class_check action=maybe_recompile pc=0x0000000003d937c8 method=org.jetbrains.org.objectweb.asm.tree.analysis.Frame.merge(Lorg/jetbrains/org/objectweb/asm/tree/analysis/Frame;Lorg/jetbrains/org/objectweb/asm/tree/analysis/Interpreter
Event: 15.208 Thread 0x0000000002a6e000 Uncommon trap: reason=class_check action=maybe_recompile pc=0x0000000003d937c8 method=org.jetbrains.org.objectweb.asm.tree.analysis.Frame.merge(Lorg/jetbrains/org/objectweb/asm/tree/analysis/Frame;Lorg/jetbrains/org/objectweb/asm/tree/analysis/Interpreter
Event: 15.208 Thread 0x0000000002a6e000 Uncommon trap: reason=class_check action=maybe_recompile pc=0x0000000003d937c8 method=org.jetbrains.org.objectweb.asm.tree.analysis.Frame.merge(Lorg/jetbrains/org/objectweb/asm/tree/analysis/Frame;Lorg/jetbrains/org/objectweb/asm/tree/analysis/Interpreter
Event: 15.209 Thread 0x0000000002a6e000 Uncommon trap: reason=class_check action=maybe_recompile pc=0x0000000003d937c8 method=org.jetbrains.org.objectweb.asm.tree.analysis.Frame.merge(Lorg/jetbrains/org/objectweb/asm/tree/analysis/Frame;Lorg/jetbrains/org/objectweb/asm/tree/analysis/Interpreter

Classes redefined (0 events):
No events

Internal exceptions (10 events):
Event: 14.124 Thread 0x0000000002a6e000 Implicit null exception at 0x0000000004eb1a70 to 0x0000000004eb1ec1
Event: 14.124 Thread 0x0000000002a6e000 Implicit null exception at 0x0000000004edac1c to 0x0000000004edaf09
Event: 14.124 Thread 0x0000000002a6e000 Implicit null exception at 0x0000000004176413 to 0x00000000041765b9
Event: 14.127 Thread 0x0000000002a6e000 Implicit null exception at 0x0000000004ede5d7 to 0x0000000004edea01
Event: 14.151 Thread 0x0000000002a6e000 Implicit null exception at 0x0000000002cb5294 to 0x0000000002cb5536
Event: 14.906 Thread 0x0000000002a6e000 Implicit null exception at 0x000000000366c2d4 to 0x000000000366c4ac
Event: 14.969 Thread 0x0000000002a6e000 Exception <a 'java/lang/NoSuchMethodError': java.lang.Object.lambda$static$0(Ljava/lang/String;)Z> (0x00000000d73268c0) thrown at [C:\src\AOSP-openjdk-git\hotspot\src\share\vm\interpreter\linkResolver.cpp, line 620]
Event: 14.969 Thread 0x0000000002a6e000 Exception <a 'java/lang/NoSuchMethodError': java.lang.Object.lambda$static$1(Ljava/lang/String;)Z> (0x00000000d7328dc8) thrown at [C:\src\AOSP-openjdk-git\hotspot\src\share\vm\interpreter\linkResolver.cpp, line 620]
Event: 15.043 Thread 0x0000000002a6e000 Exception <a 'java/lang/NoSuchMethodError': java.lang.Object.lambda$static$0(Lorg/jetbrains/kotlin/descriptors/ValueParameterDescriptor;Lorg/jetbrains/kotlin/codegen/ExpressionCodegen;)Lorg/jetbrains/kotlin/codegen/StackValue;> (0x00000000d7717a50) thrown
Event: 15.207 Thread 0x0000000002a6e000 Implicit null exception at 0x0000000003d1b027 to 0x0000000003d1b3a5

Events (10 events):
Event: 15.208 Thread 0x0000000002a6e000 DEOPT UNPACKING pc=0x0000000002bb557b sp=0x000000000298e1b8 mode 2
Event: 15.208 Thread 0x0000000002a6e000 Uncommon trap: trap_request=0xffffffde fr.pc=0x0000000003d937c8
Event: 15.208 Thread 0x0000000002a6e000 DEOPT PACKING pc=0x0000000003d937c8 sp=0x000000000298e220
Event: 15.208 Thread 0x0000000002a6e000 DEOPT UNPACKING pc=0x0000000002bb557b sp=0x000000000298e1b8 mode 2
Event: 15.208 Thread 0x0000000002a6e000 Uncommon trap: trap_request=0xffffffde fr.pc=0x0000000003d937c8
Event: 15.208 Thread 0x0000000002a6e000 DEOPT PACKING pc=0x0000000003d937c8 sp=0x000000000298e220
Event: 15.208 Thread 0x0000000002a6e000 DEOPT UNPACKING pc=0x0000000002bb557b sp=0x000000000298e1b8 mode 2
Event: 15.209 Thread 0x0000000002a6e000 Uncommon trap: trap_request=0xffffffde fr.pc=0x0000000003d937c8
Event: 15.209 Thread 0x0000000002a6e000 DEOPT PACKING pc=0x0000000003d937c8 sp=0x000000000298e220
Event: 15.209 Thread 0x0000000002a6e000 DEOPT UNPACKING pc=0x0000000002bb557b sp=0x000000000298e1b8 mode 2


Dynamic libraries:
0x00007ff77d070000 - 0x00007ff77d0a1000 	C:\Program Files\Android\Android Studio\jre\jre\bin\java.exe
0x00007ffb6aa90000 - 0x00007ffb6ac84000 	C:\Windows\SYSTEM32\ntdll.dll
0x00007ffb68b00000 - 0x00007ffb68bbd000 	C:\Windows\System32\KERNEL32.DLL
0x00007ffb681e0000 - 0x00007ffb684a7000 	C:\Windows\System32\KERNELBASE.dll
0x00007ffb699a0000 - 0x00007ffb69a4a000 	C:\Windows\System32\ADVAPI32.dll
0x00007ffb69a60000 - 0x00007ffb69afe000 	C:\Windows\System32\msvcrt.dll
0x00007ffb68c40000 - 0x00007ffb68cdb000 	C:\Windows\System32\sechost.dll
0x00007ffb6a760000 - 0x00007ffb6a883000 	C:\Windows\System32\RPCRT4.dll
0x00007ffb6a8b0000 - 0x00007ffb6aa50000 	C:\Windows\System32\USER32.dll
0x00007ffb686f0000 - 0x00007ffb68712000 	C:\Windows\System32\win32u.dll
0x00007ffb6a2c0000 - 0x00007ffb6a2ea000 	C:\Windows\System32\GDI32.dll
0x00007ffb684e0000 - 0x00007ffb685ea000 	C:\Windows\System32\gdi32full.dll
0x00007ffb68650000 - 0x00007ffb686ed000 	C:\Windows\System32\msvcp_win.dll
0x00007ffb68980000 - 0x00007ffb68a80000 	C:\Windows\System32\ucrtbase.dll
0x00007ffb542e0000 - 0x00007ffb5457a000 	C:\Windows\WinSxS\amd64_microsoft.windows.common-controls_6595b64144ccf1df_6.0.19041.1_none_b555e41d4684ddec\COMCTL32.dll
0x00007ffb68d70000 - 0x00007ffb68da0000 	C:\Windows\System32\IMM32.DLL
0x0000000061390000 - 0x0000000061462000 	C:\Program Files\Android\Android Studio\jre\jre\bin\msvcr100.dll
0x0000000061470000 - 0x0000000061cbb000 	C:\Program Files\Android\Android Studio\jre\jre\bin\server\jvm.dll
0x00007ffb69a50000 - 0x00007ffb69a58000 	C:\Windows\System32\PSAPI.DLL
0x00007ffb65ae0000 - 0x00007ffb65ae9000 	C:\Windows\SYSTEM32\WSOCK32.dll
0x00007ffb69780000 - 0x00007ffb697eb000 	C:\Windows\System32\WS2_32.dll
0x00007ffb54280000 - 0x00007ffb542a7000 	C:\Windows\SYSTEM32\WINMM.dll
0x00007ffb568b0000 - 0x00007ffb568ba000 	C:\Windows\SYSTEM32\VERSION.dll
0x00007ffb65ba0000 - 0x00007ffb65baf000 	C:\Program Files\Android\Android Studio\jre\jre\bin\verify.dll
0x00007ffb62ce0000 - 0x00007ffb62d09000 	C:\Program Files\Android\Android Studio\jre\jre\bin\java.dll
0x00007ffb65b70000 - 0x00007ffb65b86000 	C:\Program Files\Android\Android Studio\jre\jre\bin\zip.dll
0x00007ffb68f90000 - 0x00007ffb696c5000 	C:\Windows\System32\SHELL32.dll
0x00007ffb66370000 - 0x00007ffb66aff000 	C:\Windows\SYSTEM32\windows.storage.dll
0x00007ffb69f50000 - 0x00007ffb6a2a3000 	C:\Windows\System32\combase.dll
0x00007ffb67b90000 - 0x00007ffb67bbb000 	C:\Windows\SYSTEM32\Wldp.dll
0x00007ffb696d0000 - 0x00007ffb6977e000 	C:\Windows\System32\SHCORE.dll
0x00007ffb68e60000 - 0x00007ffb68eb5000 	C:\Windows\System32\shlwapi.dll
0x00007ffb68120000 - 0x00007ffb6813f000 	C:\Windows\SYSTEM32\profapi.dll
0x00007ffb62c60000 - 0x00007ffb62c7a000 	C:\Program Files\Android\Android Studio\jre\jre\bin\net.dll
0x00007ffb67910000 - 0x00007ffb6797a000 	C:\Windows\system32\mswsock.dll
0x00007ffb61500000 - 0x00007ffb61513000 	C:\Program Files\Android\Android Studio\jre\jre\bin\nio.dll

VM Arguments:
java_command: org.jetbrains.kotlin.cli.jvm.K2JVMCompiler @C:\Users\hoax-red\Desktop\Food HOAX FYP\app\build\20210525_3411067753091514236.compiler.options
java_class_path (initial): C:\Users\hoax-red\.gradle\caches\modules-2\files-2.1\org.jetbrains.kotlin\kotlin-compiler-embeddable\1.4.10\38c4b99d5d5362debdd9302a866730379aa2328a\kotlin-compiler-embeddable-1.4.10.jar;C:\Users\hoax-red\.gradle\caches\modules-2\files-2.1\org.jetbrains.kotlin\kotlin-reflect\1.4.10\e2b3c6695eee6085e606d96d685396dce23a3a06\kotlin-reflect-1.4.10.jar;C:\Users\hoax-red\.gradle\caches\modules-2\files-2.1\org.jetbrains.kotlin\kotlin-stdlib\1.4.10\ea29e063d2bbe695be13e9d044dcfb0c7add398e\kotlin-stdlib-1.4.10.jar;C:\Users\hoax-red\.gradle\caches\modules-2\files-2.1\org.jetbrains.kotlin\kotlin-script-runtime\1.4.10\7c19d9c2001e016cd7664cebe9eea66fc04a7f4f\kotlin-script-runtime-1.4.10.jar;C:\Users\hoax-red\.gradle\caches\modules-2\files-2.1\org.jetbrains.kotlin\kotlin-daemon-embeddable\1.4.10\dbd67f42bed28043d17d7c860b06110a00a45970\kotlin-daemon-embeddable-1.4.10.jar;C:\Users\hoax-red\.gradle\caches\modules-2\files-2.1\org.jetbrains.intellij.deps\trove4j\1.0.20181211\216c2e14b070f334479d800987affe4054cd563f\trove4j-1.0.20181211.jar;C:\Users\hoax-red\.gradle\caches\modules-2\files-2.1\org.jetbrains.kotlin\kotlin-stdlib-common\1.4.10\6229be3465805c99db1142ad75e6c6ddeac0b04c\kotlin-stdlib-common-1.4.10.jar;C:\Users\hoax-red\.gradle\caches\modules-2\files-2.1\org.jetbrains\annotations\13.0\919f0dfe192fb4e063e7dacadee7f8bb9a2672a9\annotations-13.0.jar;C:\Program Files\Android\Android Studio\jre\lib\tools.jar
Launcher Type: SUN_STANDARD

Environment Variables:
PATH=C:\Program Files\Common Files\Oracle\Java\javapath;C:\Windows\system32;C:\Windows;C:\Windows\System32\Wbem;C:\Windows\System32\WindowsPowerShell\v1.0\;C:\Windows\System32\OpenSSH\;C:\Program Files\Process Lasso\;C:\Program Files\Git\cmd;C:\Users\hoax-red\AppData\Local\Microsoft\WindowsApps;D:\Program Files\JetBrains\IntelliJ IDEA Community Edition 2020.2.3\bin;;C:\Users\hoax-red\AppData\Local\Programs\Microsoft VS Code\bin;C:\scr\Flutter\flutter\bin;
USERNAME=hoax-red
OS=Windows_NT
PROCESSOR_IDENTIFIER=Intel64 Family 6 Model 78 Stepping 3, GenuineIntel



---------------  S Y S T E M  ---------------

OS: Windows 10.0 , 64 bit Build 19041 (10.0.19041.292)

CPU:total 4 (initial active 4) (2 cores per cpu, 2 threads per core) family 6 model 78 stepping 3, cmov, cx8, fxsr, mmx, sse, sse2, sse3, ssse3, sse4.1, sse4.2, popcnt, avx, avx2, aes, clmul, erms, rtm, 3dnowpref, lzcnt, ht, tsc, tscinvbit, bmi1, bmi2, adx

Memory: 4k page, physical 8204192k(515260k free), swap 8204192k(5328k free)

vm_info: OpenJDK 64-Bit Server VM (25.242-b01) for windows-amd64 JRE (1.8.0_242-release-1644-b01), built by "builder" with MS VC++ 10.0 (VS2010)

time: Tue May 25 23:30:06 2021
timezone: Pakistan Standard Time
elapsed time: 15 seconds (0d 0h 0m 15s)

