#
# There is insufficient memory for the Java Runtime Environment to continue.
# Native memory allocation (malloc) failed to allocate 879456 bytes for Chunk::new
# Possible reasons:
#   The system is out of physical RAM or swap space
#   The process is running with CompressedOops enabled, and the Java Heap may be blocking the growth of the native heap
# Possible solutions:
#   Reduce memory load on the system
#   Increase physical memory or swap space
#   Check if swap backing store is full
#   Decrease Java heap size (-Xmx/-Xms)
#   Decrease number of Java threads
#   Decrease Java thread stack sizes (-Xss)
#   Set larger code cache with -XX:ReservedCodeCacheSize=
#   JVM is running with Unscaled Compressed Oops mode in which the Java heap is
#     placed in the first 4GB address space. The Java Heap base address is the
#     maximum limit for the native heap growth. Please use -XX:HeapBaseMinAddress
#     to set the Java Heap base and to place the Java Heap above 4GB virtual address.
# This output file may be truncated or incomplete.
#
#  Out of Memory Error (allocation.cpp:389), pid=6932, tid=0x0000000000001fa8
#
# JRE version: OpenJDK Runtime Environment (8.0_242-b01) (build 1.8.0_242-release-1644-b01)
# Java VM: OpenJDK 64-Bit Server VM (25.242-b01 mixed mode windows-amd64 compressed oops)
# Failed to write core dump. Minidumps are not enabled by default on client versions of Windows
#

---------------  T H R E A D  ---------------

Current thread (0x0000000017eeb800):  JavaThread "C2 CompilerThread1" daemon [_thread_in_native, id=8104, stack(0x0000000019630000,0x0000000019730000)]

Stack: [0x0000000019630000,0x0000000019730000]
[error occurred during error reporting (printing stack bounds), id 0xc0000005]

Native frames: (J=compiled Java code, j=interpreted, Vv=VM code, C=native code)


Current CompileTask:
C2:   7912 2914       4       java.net.URLClassLoader$1::run (5 bytes)


---------------  P R O C E S S  ---------------

Java Threads: ( => current thread )
  0x000000001c436800 JavaThread "Build operations" [_thread_new, id=7180, stack(0x0000000000000000,0x0000000000000000)]
  0x000000001b924000 JavaThread "Cache worker for Build Output Cleanup Cache (C:\Users\hoax-red\Desktop\Food HOAX FYP\buildSrc\.gradle\buildOutputCleanup)" [_thread_blocked, id=3056, stack(0x00000000224b0000,0x00000000225b0000)]
  0x000000001b922800 JavaThread "Cache worker for file content cache (C:\Users\hoax-red\.gradle\caches\6.5\fileContent)" [_thread_blocked, id=4660, stack(0x00000000218e0000,0x00000000219e0000)]
  0x000000001b921800 JavaThread "jar transforms" [_thread_blocked, id=3220, stack(0x00000000207f0000,0x00000000208f0000)]
  0x000000001b921000 JavaThread "Cache worker for execution history cache (C:\Users\hoax-red\.gradle\caches\6.5\executionHistory)" [_thread_blocked, id=5648, stack(0x00000000206f0000,0x00000000207f0000)]
  0x000000001b91f800 JavaThread "Cache worker for cache directory md-rule (C:\Users\hoax-red\.gradle\caches\6.5\md-rule)" [_thread_blocked, id=7680, stack(0x00000000205f0000,0x00000000206f0000)]
  0x000000001b91e800 JavaThread "Cache worker for cache directory md-supplier (C:\Users\hoax-red\.gradle\caches\6.5\md-supplier)" [_thread_blocked, id=1248, stack(0x00000000204f0000,0x00000000205f0000)]
  0x000000001b920000 JavaThread "Cache worker for checksums cache (C:\Users\hoax-red\Desktop\Food HOAX FYP\.gradle\checksums)" [_thread_blocked, id=8128, stack(0x00000000203f0000,0x00000000204f0000)]
  0x000000001b91e000 JavaThread "Cache worker for file hash cache (C:\Users\hoax-red\Desktop\Food HOAX FYP\.gradle\6.5\fileHashes)" [_thread_blocked, id=7336, stack(0x00000000200f0000,0x00000000201f0000)]
  0x000000001b91d000 JavaThread "Cache worker for file hash cache (C:\Users\hoax-red\.gradle\caches\6.5\fileHashes)" [_thread_blocked, id=4088, stack(0x000000001ee20000,0x000000001ef20000)]
  0x000000001b923000 JavaThread "File lock request listener" [_thread_in_native, id=4904, stack(0x000000001dd50000,0x000000001de50000)]
  0x000000001b803000 JavaThread "Cache worker for journal cache (C:\Users\hoax-red\.gradle\caches\journal-1)" [_thread_blocked, id=7736, stack(0x000000001dc50000,0x000000001dd50000)]
  0x000000001b792800 JavaThread "Thread-9" [_thread_blocked, id=3256, stack(0x000000001d950000,0x000000001da50000)]
  0x000000001b7b1000 JavaThread "Stdin handler" [_thread_blocked, id=7796, stack(0x000000001d850000,0x000000001d950000)]
  0x000000001a105000 JavaThread "Asynchronous log dispatcher for DefaultDaemonConnection: socket connection from /127.0.0.1:53552 to /127.0.0.1:53553" [_thread_blocked, id=7448, stack(0x000000001d750000,0x000000001d850000)]
  0x000000001a103000 JavaThread "Daemon worker" [_thread_in_vm, id=8152, stack(0x000000001d650000,0x000000001d750000)]
  0x000000001a2d5800 JavaThread "Cancel handler" [_thread_blocked, id=5280, stack(0x000000001d550000,0x000000001d650000)]
  0x000000001b736800 JavaThread "Handler for socket connection from /127.0.0.1:53552 to /127.0.0.1:53553" [_thread_in_native, id=7792, stack(0x000000001d250000,0x000000001d350000)]
  0x000000001b733800 JavaThread "Daemon" [_thread_blocked, id=7208, stack(0x000000001d150000,0x000000001d250000)]
  0x000000001b739800 JavaThread "Daemon periodic checks" [_thread_blocked, id=5340, stack(0x000000001d050000,0x000000001d150000)]
  0x000000001b6e7800 JavaThread "Incoming local TCP Connector on port 53552" [_thread_in_native, id=1572, stack(0x000000001ce10000,0x000000001cf10000)]
  0x00000000198dc800 JavaThread "Daemon health stats" [_thread_blocked, id=7160, stack(0x000000001c7d0000,0x000000001c8d0000)]
  0x0000000019860800 JavaThread "Service Thread" daemon [_thread_blocked, id=3996, stack(0x0000000019c30000,0x0000000019d30000)]
  0x0000000017ef4800 JavaThread "C1 CompilerThread2" daemon [_thread_blocked, id=6480, stack(0x0000000019730000,0x0000000019830000)]
=>0x0000000017eeb800 JavaThread "C2 CompilerThread1" daemon [_thread_in_native, id=8104, stack(0x0000000019630000,0x0000000019730000)]
  0x0000000017ee5800 JavaThread "C2 CompilerThread0" daemon [_thread_in_native, id=7928, stack(0x0000000019530000,0x0000000019630000)]
  0x0000000017ee4800 JavaThread "Attach Listener" daemon [_thread_blocked, id=5288, stack(0x0000000019430000,0x0000000019530000)]
  0x0000000017ee2800 JavaThread "Signal Dispatcher" daemon [_thread_blocked, id=372, stack(0x0000000019330000,0x0000000019430000)]
  0x00000000031db000 JavaThread "Finalizer" daemon [_thread_blocked, id=7416, stack(0x0000000019130000,0x0000000019230000)]
  0x0000000017ec9000 JavaThread "Reference Handler" daemon [_thread_blocked, id=7172, stack(0x0000000019030000,0x0000000019130000)]
  0x00000000032bd800 JavaThread "main" [_thread_blocked, id=2332, stack(0x0000000002f40000,0x0000000003040000)]

Other Threads:
  0x0000000017ea6000 VMThread [stack: 0x0000000018f30000,0x0000000019030000] [id=4188]
  0x0000000017f3c800 WatcherThread [stack: 0x0000000019d30000,0x0000000019e30000] [id=6548]

VM state:not at safepoint (normal execution)

VM Mutex/Monitor currently owned by a thread: None

OutOfMemory and StackOverflow Exception counts:
OutOfMemoryError java_heap_errors=1

heap address: 0x0000000080000000, size: 2048 MB, Compressed Oops mode: 32-bit
Narrow klass base: 0x0000000000000000, Narrow klass shift: 3
Compressed class space size: 1073741824 Address: 0x0000000100000000

Heap:
 PSYoungGen      total 136704K, used 55029K [0x00000000d5580000, 0x00000000e1380000, 0x0000000100000000)
  eden space 125440K, 43% used [0x00000000d5580000,0x00000000d8b3d5e0,0x00000000dd000000)
  from space 11264K, 0% used [0x00000000dd000000,0x00000000dd000000,0x00000000ddb00000)
  to   space 12288K, 0% used [0x00000000e0780000,0x00000000e0780000,0x00000000e1380000)
 ParOldGen       total 49152K, used 16542K [0x0000000080000000, 0x0000000083000000, 0x00000000d5580000)
  object space 49152K, 33% used [0x0000000080000000,0x0000000081027b68,0x0000000083000000)
 Metaspace       used 36790K, capacity 38266K, committed 38448K, reserved 1081344K
  class space    used 5251K, capacity 5585K, committed 5680K, reserved 1048576K

Card table byte_map: [0x0000000012680000,0x0000000012a90000] byte_map_base: 0x0000000012280000

Marking Bits: (ParMarkBitMap*) 0x000000006cb9f030
 Begin Bits: [0x0000000013140000, 0x0000000015140000)
 End Bits:   [0x0000000015140000, 0x0000000017140000)

Polling page: 0x0000000003040000

CodeCache: size=245760Kb used=9179Kb max_used=9685Kb free=236580Kb
 bounds [0x00000000032c0000, 0x0000000003c40000, 0x00000000122c0000]
 total_blobs=3334 nmethods=2849 adapters=397
 compilation: enabled

Compilation events (10 events):
Event: 7.889 Thread 0x0000000017ef4800 3038       1       org.gradle.api.internal.artifacts.ivyservice.resolveengine.graph.builder.ComponentState::getResultId (5 bytes)
Event: 7.889 Thread 0x0000000017ef4800 nmethod 3038 0x00000000034609d0 code [0x0000000003460b20, 0x0000000003460c30]
Event: 7.889 Thread 0x0000000017ef4800 3047       1       org.gradle.internal.component.external.model.AbstractConfigurationMetadata::getArtifacts (5 bytes)
Event: 7.889 Thread 0x0000000017ef4800 nmethod 3047 0x0000000003460710 code [0x0000000003460860, 0x0000000003460970]
Event: 7.893 Thread 0x0000000017ef4800 3048       3       org.gradle.api.internal.attributes.DefaultImmutableAttributes::isEmpty (13 bytes)
Event: 7.893 Thread 0x0000000017ef4800 nmethod 3048 0x0000000003460390 code [0x00000000034604e0, 0x0000000003460690]
Event: 7.893 Thread 0x0000000017ef4800 3049       3       org.gradle.internal.snapshot.impl.AbstractIsolatableScalarValue::isolate (5 bytes)
Event: 7.893 Thread 0x0000000017ef4800 nmethod 3049 0x000000000351b950 code [0x000000000351bac0, 0x000000000351bcc8]
Event: 7.898 Thread 0x0000000017ef4800 3050       3       org.gradle.internal.operations.DefaultBuildOperationExecutor::access$700 (4 bytes)
Event: 7.898 Thread 0x0000000017ef4800 nmethod 3050 0x000000000351b650 code [0x000000000351b7a0, 0x000000000351b8d0]

GC Heap History (10 events):
Event: 4.552 GC heap before
{Heap before GC invocations=7 (full 0):
 PSYoungGen      total 74240K, used 14003K [0x00000000d5580000, 0x00000000daa80000, 0x0000000100000000)
  eden space 64512K, 8% used [0x00000000d5580000,0x00000000d5ab7d78,0x00000000d9480000)
  from space 9728K, 89% used [0x00000000d9f00000,0x00000000da774f98,0x00000000da880000)
  to   space 10752K, 0% used [0x00000000d9480000,0x00000000d9480000,0x00000000d9f00000)
 ParOldGen       total 86016K, used 6146K [0x0000000080000000, 0x0000000085400000, 0x00000000d5580000)
  object space 86016K, 7% used [0x0000000080000000,0x0000000080600a70,0x0000000085400000)
 Metaspace       used 20581K, capacity 21216K, committed 21296K, reserved 1067008K
  class space    used 2877K, capacity 3076K, committed 3120K, reserved 1048576K
Event: 4.559 GC heap after
Heap after GC invocations=7 (full 0):
 PSYoungGen      total 75264K, used 3972K [0x00000000d5580000, 0x00000000de880000, 0x0000000100000000)
  eden space 64512K, 0% used [0x00000000d5580000,0x00000000d5580000,0x00000000d9480000)
  from space 10752K, 36% used [0x00000000d9480000,0x00000000d9861050,0x00000000d9f00000)
  to   space 10752K, 0% used [0x00000000dde00000,0x00000000dde00000,0x00000000de880000)
 ParOldGen       total 86016K, used 8458K [0x0000000080000000, 0x0000000085400000, 0x00000000d5580000)
  object space 86016K, 9% used [0x0000000080000000,0x0000000080842ac0,0x0000000085400000)
 Metaspace       used 20581K, capacity 21216K, committed 21296K, reserved 1067008K
  class space    used 2877K, capacity 3076K, committed 3120K, reserved 1048576K
}
Event: 4.559 GC heap before
{Heap before GC invocations=8 (full 1):
 PSYoungGen      total 75264K, used 3972K [0x00000000d5580000, 0x00000000de880000, 0x0000000100000000)
  eden space 64512K, 0% used [0x00000000d5580000,0x00000000d5580000,0x00000000d9480000)
  from space 10752K, 36% used [0x00000000d9480000,0x00000000d9861050,0x00000000d9f00000)
  to   space 10752K, 0% used [0x00000000dde00000,0x00000000dde00000,0x00000000de880000)
 ParOldGen       total 86016K, used 8458K [0x0000000080000000, 0x0000000085400000, 0x00000000d5580000)
  object space 86016K, 9% used [0x0000000080000000,0x0000000080842ac0,0x0000000085400000)
 Metaspace       used 20581K, capacity 21216K, committed 21296K, reserved 1067008K
  class space    used 2877K, capacity 3076K, committed 3120K, reserved 1048576K
Event: 4.608 GC heap after
Heap after GC invocations=8 (full 1):
 PSYoungGen      total 75264K, used 0K [0x00000000d5580000, 0x00000000de880000, 0x0000000100000000)
  eden space 64512K, 0% used [0x00000000d5580000,0x00000000d5580000,0x00000000d9480000)
  from space 10752K, 0% used [0x00000000d9480000,0x00000000d9480000,0x00000000d9f00000)
  to   space 10752K, 0% used [0x00000000dde00000,0x00000000dde00000,0x00000000de880000)
 ParOldGen       total 49152K, used 6829K [0x0000000080000000, 0x0000000083000000, 0x00000000d5580000)
  object space 49152K, 13% used [0x0000000080000000,0x00000000806ab458,0x0000000083000000)
 Metaspace       used 20581K, capacity 21216K, committed 21296K, reserved 1067008K
  class space    used 2877K, capacity 3076K, committed 3120K, reserved 1048576K
}
Event: 5.714 GC heap before
{Heap before GC invocations=9 (full 1):
 PSYoungGen      total 75264K, used 64512K [0x00000000d5580000, 0x00000000de880000, 0x0000000100000000)
  eden space 64512K, 100% used [0x00000000d5580000,0x00000000d9480000,0x00000000d9480000)
  from space 10752K, 0% used [0x00000000d9480000,0x00000000d9480000,0x00000000d9f00000)
  to   space 10752K, 0% used [0x00000000dde00000,0x00000000dde00000,0x00000000de880000)
 ParOldGen       total 49152K, used 6829K [0x0000000080000000, 0x0000000083000000, 0x00000000d5580000)
  object space 49152K, 13% used [0x0000000080000000,0x00000000806ab458,0x0000000083000000)
 Metaspace       used 28462K, capacity 29308K, committed 29616K, reserved 1075200K
  class space    used 3932K, capacity 4166K, committed 4272K, reserved 1048576K
Event: 5.725 GC heap after
Heap after GC invocations=9 (full 1):
 PSYoungGen      total 124416K, used 8141K [0x00000000d5580000, 0x00000000de600000, 0x0000000100000000)
  eden space 116224K, 0% used [0x00000000d5580000,0x00000000d5580000,0x00000000dc700000)
  from space 8192K, 99% used [0x00000000dde00000,0x00000000de5f35e0,0x00000000de600000)
  to   space 11264K, 0% used [0x00000000dd000000,0x00000000dd000000,0x00000000ddb00000)
 ParOldGen       total 49152K, used 6837K [0x0000000080000000, 0x0000000083000000, 0x00000000d5580000)
  object space 49152K, 13% used [0x0000000080000000,0x00000000806ad458,0x0000000083000000)
 Metaspace       used 28462K, capacity 29308K, committed 29616K, reserved 1075200K
  class space    used 3932K, capacity 4166K, committed 4272K, reserved 1048576K
}
Event: 7.018 GC heap before
{Heap before GC invocations=10 (full 1):
 PSYoungGen      total 124416K, used 85433K [0x00000000d5580000, 0x00000000de600000, 0x0000000100000000)
  eden space 116224K, 66% used [0x00000000d5580000,0x00000000da0faef8,0x00000000dc700000)
  from space 8192K, 99% used [0x00000000dde00000,0x00000000de5f35e0,0x00000000de600000)
  to   space 11264K, 0% used [0x00000000dd000000,0x00000000dd000000,0x00000000ddb00000)
 ParOldGen       total 49152K, used 6837K [0x0000000080000000, 0x0000000083000000, 0x00000000d5580000)
  object space 49152K, 13% used [0x0000000080000000,0x00000000806ad458,0x0000000083000000)
 Metaspace       used 34196K, capacity 35420K, committed 35496K, reserved 1079296K
  class space    used 4839K, capacity 5148K, committed 5168K, reserved 1048576K
Event: 7.033 GC heap after
Heap after GC invocations=10 (full 1):
 PSYoungGen      total 136704K, used 10411K [0x00000000d5580000, 0x00000000e1380000, 0x0000000100000000)
  eden space 125440K, 0% used [0x00000000d5580000,0x00000000d5580000,0x00000000dd000000)
  from space 11264K, 92% used [0x00000000dd000000,0x00000000dda2ae98,0x00000000ddb00000)
  to   space 12288K, 0% used [0x00000000e0780000,0x00000000e0780000,0x00000000e1380000)
 ParOldGen       total 49152K, used 6845K [0x0000000080000000, 0x0000000083000000, 0x00000000d5580000)
  object space 49152K, 13% used [0x0000000080000000,0x00000000806af458,0x0000000083000000)
 Metaspace       used 34196K, capacity 35420K, committed 35496K, reserved 1079296K
  class space    used 4839K, capacity 5148K, committed 5168K, reserved 1048576K
}
Event: 7.033 GC heap before
{Heap before GC invocations=11 (full 2):
 PSYoungGen      total 136704K, used 10411K [0x00000000d5580000, 0x00000000e1380000, 0x0000000100000000)
  eden space 125440K, 0% used [0x00000000d5580000,0x00000000d5580000,0x00000000dd000000)
  from space 11264K, 92% used [0x00000000dd000000,0x00000000dda2ae98,0x00000000ddb00000)
  to   space 12288K, 0% used [0x00000000e0780000,0x00000000e0780000,0x00000000e1380000)
 ParOldGen       total 49152K, used 6845K [0x0000000080000000, 0x0000000083000000, 0x00000000d5580000)
  object space 49152K, 13% used [0x0000000080000000,0x00000000806af458,0x0000000083000000)
 Metaspace       used 34196K, capacity 35420K, committed 35496K, reserved 1079296K
  class space    used 4839K, capacity 5148K, committed 5168K, reserved 1048576K
Event: 7.138 GC heap after
Heap after GC invocations=11 (full 2):
 PSYoungGen      total 136704K, used 0K [0x00000000d5580000, 0x00000000e1380000, 0x0000000100000000)
  eden space 125440K, 0% used [0x00000000d5580000,0x00000000d5580000,0x00000000dd000000)
  from space 11264K, 0% used [0x00000000dd000000,0x00000000dd000000,0x00000000ddb00000)
  to   space 12288K, 0% used [0x00000000e0780000,0x00000000e0780000,0x00000000e1380000)
 ParOldGen       total 49152K, used 16542K [0x0000000080000000, 0x0000000083000000, 0x00000000d5580000)
  object space 49152K, 33% used [0x0000000080000000,0x0000000081027b68,0x0000000083000000)
 Metaspace       used 34196K, capacity 35420K, committed 35496K, reserved 1079296K
  class space    used 4839K, capacity 5148K, committed 5168K, reserved 1048576K
}

Deoptimization events (10 events):
Event: 5.866 Thread 0x000000001a103000 Uncommon trap: reason=bimorphic action=maybe_recompile pc=0x00000000037ad044 method=java.lang.ClassLoader.loadClass(Ljava/lang/String;Z)Ljava/lang/Class; @ 38
Event: 5.866 Thread 0x000000001a103000 Uncommon trap: reason=bimorphic action=maybe_recompile pc=0x00000000037ad044 method=java.lang.ClassLoader.loadClass(Ljava/lang/String;Z)Ljava/lang/Class; @ 38
Event: 5.881 Thread 0x000000001a103000 Uncommon trap: reason=unstable_if action=reinterpret pc=0x0000000003899858 method=java.net.URLClassLoader.defineClass(Ljava/lang/String;Lsun/misc/Resource;)Ljava/lang/Class; @ 21
Event: 6.215 Thread 0x000000001a103000 Uncommon trap: reason=unstable_if action=reinterpret pc=0x000000000385e404 method=java.util.HashMap.getNode(ILjava/lang/Object;)Ljava/util/HashMap$Node; @ 53
Event: 6.215 Thread 0x000000001a103000 Uncommon trap: reason=unstable_if action=reinterpret pc=0x00000000038c2eb0 method=java.util.HashMap.putVal(ILjava/lang/Object;Ljava/lang/Object;ZZ)Ljava/lang/Object; @ 85
Event: 6.399 Thread 0x000000001a103000 Uncommon trap: reason=unstable_if action=reinterpret pc=0x0000000003ab8e38 method=org.gradle.internal.reflect.PropertyAccessorType.isGetGetterName(Ljava/lang/String;)Z @ 14
Event: 6.831 Thread 0x000000001a103000 Uncommon trap: reason=unstable_if action=reinterpret pc=0x000000000399f9c0 method=org.objectweb.asm.ByteVector.putShort(I)Lorg/objectweb/asm/ByteVector; @ 13
Event: 7.014 Thread 0x000000001a103000 Uncommon trap: reason=range_check action=make_not_entrant pc=0x0000000003bc6080 method=java.lang.String.charAt(I)C @ 27
Event: 7.153 Thread 0x000000001a103000 Uncommon trap: reason=predicate action=maybe_recompile pc=0x0000000003892108 method=com.google.common.base.CharMatcher.indexIn(Ljava/lang/CharSequence;I)I @ 22
Event: 7.258 Thread 0x000000001a103000 Uncommon trap: reason=unstable_if action=reinterpret pc=0x0000000003bd18e0 method=java.net.URI.match(CJJ)Z @ 45

Classes redefined (0 events):
No events

Internal exceptions (10 events):
Event: 6.813 Thread 0x000000001b792800 Exception <a 'java/lang/NoSuchMethodError': <clinit>> (0x00000000d5b4ea70) thrown at [C:\src\AOSP-openjdk-git\hotspot\src\share\vm\prims\jni.cpp, line 1615]
Event: 6.814 Thread 0x000000001b792800 Exception <a 'java/lang/NoSuchMethodError': <clinit>> (0x00000000d5b5e448) thrown at [C:\src\AOSP-openjdk-git\hotspot\src\share\vm\prims\jni.cpp, line 1615]
Event: 6.814 Thread 0x000000001b792800 Exception <a 'java/lang/NoSuchMethodError': <clinit>> (0x00000000d5b61568) thrown at [C:\src\AOSP-openjdk-git\hotspot\src\share\vm\prims\jni.cpp, line 1615]
Event: 6.816 Thread 0x000000001b792800 Exception <a 'java/lang/NoSuchMethodError': <clinit>> (0x00000000d5b705b8) thrown at [C:\src\AOSP-openjdk-git\hotspot\src\share\vm\prims\jni.cpp, line 1615]
Event: 7.312 Thread 0x000000001a103000 Exception <a 'java/lang/NoSuchMethodError': java.lang.Object.lambda$static$0(Lorg/gradle/api/internal/artifacts/configurations/MutationValidator$MutationType;)V> (0x00000000d62cfde8) thrown at [C:\src\AOSP-openjdk-git\hotspot\src\share\vm\interpreter\link
Event: 7.518 Thread 0x000000001a103000 Exception <a 'java/lang/NoSuchMethodError': java.lang.Object.lambda$static$0(Lorg/gradle/internal/component/model/DependencyMetadata;)Lorg/gradle/api/internal/artifacts/ivyservice/dependencysubstitution/DependencySubstitutionApplicator$SubstitutionResult;
Event: 7.553 Thread 0x000000001a103000 Exception <a 'java/lang/IncompatibleClassChangeError': Found class java.lang.Object, but interface was expected> (0x00000000d7479bc8) thrown at [C:\src\AOSP-openjdk-git\hotspot\src\share\vm\interpreter\linkResolver.cpp, line 653]
Event: 7.554 Thread 0x000000001a103000 Exception <a 'java/lang/NoSuchMethodError': java.lang.Object.lambda$thenComparing$36697e65$1(Ljava/util/Comparator;Ljava/lang/Object;Ljava/lang/Object;)I> (0x00000000d74856e0) thrown at [C:\src\AOSP-openjdk-git\hotspot\src\share\vm\interpreter\linkResolve
Event: 7.655 Thread 0x000000001a103000 Exception <a 'java/lang/NoSuchMethodError': java.lang.Object.lambda$static$0()Z> (0x00000000d7e37f68) thrown at [C:\src\AOSP-openjdk-git\hotspot\src\share\vm\interpreter\linkResolver.cpp, line 620]
Event: 7.725 Thread 0x000000001a103000 Exception <a 'java/lang/NoSuchMethodError': java.lang.Object.lambda$static$0(Lorg/gradle/api/internal/artifacts/ivyservice/resolveengine/artifact/ArtifactVisitor;)V> (0x00000000d8173e38) thrown at [C:\src\AOSP-openjdk-git\hotspot\src\share\vm\interpreter\

Events (10 events):
Event: 7.907 loading class org/gradle/internal/operations/DefaultBuildOperationExecutor$ParentPreservingQueueWorker
Event: 7.907 loading class org/gradle/internal/operations/DefaultBuildOperationExecutor$ParentPreservingQueueWorker done
Event: 7.907 loading class org/gradle/internal/operations/DefaultBuildOperationQueue
Event: 7.907 loading class org/gradle/internal/operations/DefaultBuildOperationQueue done
Event: 7.909 loading class org/gradle/internal/operations/DefaultBuildOperationQueue$QueueState
Event: 7.909 loading class org/gradle/internal/operations/DefaultBuildOperationQueue$QueueState done
Event: 7.909 loading class org/gradle/api/internal/artifacts/ivyservice/resolveengine/artifact/ParallelResolveArtifactSet$VisitingSet$AsyncArtifactListenerAdapter
Event: 7.909 loading class org/gradle/api/internal/artifacts/ivyservice/resolveengine/artifact/ParallelResolveArtifactSet$VisitingSet$AsyncArtifactListenerAdapter done
Event: 7.910 loading class org/gradle/api/internal/artifacts/ivyservice/resolveengine/artifact/ArtifactBackedResolvedVariant$DownloadArtifactFile
Event: 7.910 loading class org/gradle/api/internal/artifacts/ivyservice/resolveengine/artifact/ArtifactBackedResolvedVariant$DownloadArtifactFile done


Dynamic libraries:
0x00007ff72a860000 - 0x00007ff72a891000 	C:\Program Files\Android\Android Studio\jre\bin\java.exe
0x00007ffa5fb90000 - 0x00007ffa5fd84000 	C:\Windows\SYSTEM32\ntdll.dll
0x00007ffa5f2c0000 - 0x00007ffa5f37d000 	C:\Windows\System32\KERNEL32.DLL
0x00007ffa5d600000 - 0x00007ffa5d8c7000 	C:\Windows\System32\KERNELBASE.dll
0x00007ffa5e470000 - 0x00007ffa5e51a000 	C:\Windows\System32\ADVAPI32.dll
0x00007ffa5f1c0000 - 0x00007ffa5f25e000 	C:\Windows\System32\msvcrt.dll
0x00007ffa5e3d0000 - 0x00007ffa5e46b000 	C:\Windows\System32\sechost.dll
0x00007ffa5ea20000 - 0x00007ffa5eb43000 	C:\Windows\System32\RPCRT4.dll
0x00007ffa5ef10000 - 0x00007ffa5f0b0000 	C:\Windows\System32\USER32.dll
0x00007ffa5d970000 - 0x00007ffa5d992000 	C:\Windows\System32\win32u.dll
0x00007ffa5e8e0000 - 0x00007ffa5e90a000 	C:\Windows\System32\GDI32.dll
0x00007ffa5d3e0000 - 0x00007ffa5d4ea000 	C:\Windows\System32\gdi32full.dll
0x00007ffa5d8d0000 - 0x00007ffa5d96d000 	C:\Windows\System32\msvcp_win.dll
0x00007ffa5d2e0000 - 0x00007ffa5d3e0000 	C:\Windows\System32\ucrtbase.dll
0x00007ffa49310000 - 0x00007ffa495aa000 	C:\Windows\WinSxS\amd64_microsoft.windows.common-controls_6595b64144ccf1df_6.0.19041.1_none_b555e41d4684ddec\COMCTL32.dll
0x00007ffa5e8b0000 - 0x00007ffa5e8e0000 	C:\Windows\System32\IMM32.DLL
0x000000006c210000 - 0x000000006c2e2000 	C:\Program Files\Android\Android Studio\jre\jre\bin\msvcr100.dll
0x000000006c3d0000 - 0x000000006cc1b000 	C:\Program Files\Android\Android Studio\jre\jre\bin\server\jvm.dll
0x00007ffa5ec40000 - 0x00007ffa5ec48000 	C:\Windows\System32\PSAPI.DLL
0x00007ffa4b6c0000 - 0x00007ffa4b6ca000 	C:\Windows\SYSTEM32\VERSION.dll
0x00007ffa53500000 - 0x00007ffa53509000 	C:\Windows\SYSTEM32\WSOCK32.dll
0x00007ffa48de0000 - 0x00007ffa48e07000 	C:\Windows\SYSTEM32\WINMM.dll
0x00007ffa5f130000 - 0x00007ffa5f19b000 	C:\Windows\System32\WS2_32.dll
0x00007ffa563b0000 - 0x00007ffa563bf000 	C:\Program Files\Android\Android Studio\jre\jre\bin\verify.dll
0x00007ffa479e0000 - 0x00007ffa47a09000 	C:\Program Files\Android\Android Studio\jre\jre\bin\java.dll
0x00007ffa56360000 - 0x00007ffa56376000 	C:\Program Files\Android\Android Studio\jre\jre\bin\zip.dll
0x00007ffa5dc00000 - 0x00007ffa5e335000 	C:\Windows\System32\SHELL32.dll
0x00007ffa5b470000 - 0x00007ffa5bbff000 	C:\Windows\SYSTEM32\windows.storage.dll
0x00007ffa5f7f0000 - 0x00007ffa5fb43000 	C:\Windows\System32\combase.dll
0x00007ffa5cc90000 - 0x00007ffa5ccbb000 	C:\Windows\SYSTEM32\Wldp.dll
0x00007ffa5e910000 - 0x00007ffa5e9be000 	C:\Windows\System32\SHCORE.dll
0x00007ffa5ec50000 - 0x00007ffa5eca5000 	C:\Windows\System32\shlwapi.dll
0x00007ffa5d220000 - 0x00007ffa5d23f000 	C:\Windows\SYSTEM32\profapi.dll
0x00007ffa46930000 - 0x00007ffa4694a000 	C:\Program Files\Android\Android Studio\jre\jre\bin\net.dll
0x00007ffa5ca10000 - 0x00007ffa5ca7a000 	C:\Windows\system32\mswsock.dll
0x00007ffa46880000 - 0x00007ffa46893000 	C:\Program Files\Android\Android Studio\jre\jre\bin\nio.dll
0x00007ffa574f0000 - 0x00007ffa57517000 	C:\Users\hoax-red\.gradle\native\f6784746aeab05261644944871eae4fe03e0ef1612fff0a4a95f87b438bc6780\windows-amd64\native-platform.dll
0x00007ffa535c0000 - 0x00007ffa535cd000 	C:\Program Files\Android\Android Studio\jre\jre\bin\management.dll
0x00007ffa5cbf0000 - 0x00007ffa5cc08000 	C:\Windows\SYSTEM32\CRYPTSP.dll
0x00007ffa5c3a0000 - 0x00007ffa5c3d4000 	C:\Windows\system32\rsaenh.dll
0x00007ffa5d5d0000 - 0x00007ffa5d5f7000 	C:\Windows\System32\bcrypt.dll
0x00007ffa5d1a0000 - 0x00007ffa5d1ce000 	C:\Windows\SYSTEM32\USERENV.dll
0x00007ffa5d550000 - 0x00007ffa5d5cf000 	C:\Windows\System32\bcryptprimitives.dll
0x00007ffa5cbe0000 - 0x00007ffa5cbec000 	C:\Windows\SYSTEM32\CRYPTBASE.dll
0x00007ffa5c700000 - 0x00007ffa5c73b000 	C:\Windows\SYSTEM32\IPHLPAPI.DLL
0x00007ffa5eb50000 - 0x00007ffa5eb59000 	C:\Windows\System32\NSI.dll
0x00007ffa56270000 - 0x00007ffa56287000 	C:\Windows\SYSTEM32\dhcpcsvc6.DLL
0x00007ffa56250000 - 0x00007ffa5626d000 	C:\Windows\SYSTEM32\dhcpcsvc.DLL
0x00007ffa5c740000 - 0x00007ffa5c80a000 	C:\Windows\SYSTEM32\DNSAPI.dll
0x00007ffa56630000 - 0x00007ffa5663b000 	C:\Windows\SYSTEM32\WINNSI.DLL

VM Arguments:
jvm_args: -Xmx2048m -Dfile.encoding=UTF-8 -Duser.country=US -Duser.language=en -Duser.variant 
java_command: org.gradle.launcher.daemon.bootstrap.GradleDaemon 6.5
java_class_path (initial): C:\Users\hoax-red\.gradle\wrapper\dists\gradle-6.5-bin\6nifqtx7604sqp1q6g8wikw7p\gradle-6.5\lib\gradle-launcher-6.5.jar
Launcher Type: SUN_STANDARD

Environment Variables:
PATH=C:\Program Files\Common Files\Oracle\Java\javapath;C:\Windows\system32;C:\Windows;C:\Windows\System32\Wbem;C:\Windows\System32\WindowsPowerShell\v1.0\;C:\Windows\System32\OpenSSH\;C:\Program Files\Process Lasso\;C:\Program Files\Git\cmd;C:\Users\hoax-red\AppData\Local\Microsoft\WindowsApps;D:\Program Files\JetBrains\IntelliJ IDEA Community Edition 2020.2.3\bin;;C:\Users\hoax-red\AppData\Local\Programs\Microsoft VS Code\bin;C:\scr\Flutter\flutter\bin;
USERNAME=hoax-red
OS=Windows_NT
PROCESSOR_IDENTIFIER=Intel64 Family 6 Model 78 Stepping 3, GenuineIntel



---------------  S Y S T E M  ---------------

OS: Windows 10.0 , 64 bit Build 19041 (10.0.19041.292)

CPU:total 4 (initial active 4) (2 cores per cpu, 2 threads per core) family 6 model 78 stepping 3, cmov, cx8, fxsr, mmx, sse, sse2, sse3, ssse3, sse4.1, sse4.2, popcnt, avx, avx2, aes, clmul, erms, rtm, 3dnowpref, lzcnt, ht, tsc, tscinvbit, bmi1, bmi2, adx

Memory: 4k page, physical 8204192k(199000k free), swap 8204192k(3240k free)

vm_info: OpenJDK 64-Bit Server VM (25.242-b01) for windows-amd64 JRE (1.8.0_242-release-1644-b01), built by "builder" with MS VC++ 10.0 (VS2010)

time: Fri May 21 10:31:52 2021
timezone: Pakistan Standard Time
elapsed time: 7 seconds (0d 0h 0m 7s)

